{"meta": {"format": 3, "version": "7.11.3", "timestamp": "2025-11-16T03:16:29.190348", "branch_coverage": false, "show_contexts": false}, "files": {"hpfracc\\__init__.py": {"executed_lines": [1, 15, 16, 17, 18, 27, 28, 29, 34, 37, 45, 53, 61, 67, 74, 76], "summary": {"covered_lines": 15, "num_statements": 17, "percent_covered": 88.23529411764706, "percent_covered_display": "88", "missing_lines": 2, "excluded_lines": 0}, "missing_lines": [30, 31], "excluded_lines": [], "functions": {"": {"executed_lines": [1, 15, 16, 17, 18, 27, 28, 29, 34, 37, 45, 53, 61, 67, 74, 76], "summary": {"covered_lines": 15, "num_statements": 17, "percent_covered": 88.23529411764706, "percent_covered_display": "88", "missing_lines": 2, "excluded_lines": 0}, "missing_lines": [30, 31], "excluded_lines": []}}, "classes": {"": {"executed_lines": [1, 15, 16, 17, 18, 27, 28, 29, 34, 37, 45, 53, 61, 67, 74, 76], "summary": {"covered_lines": 15, "num_statements": 17, "percent_covered": 88.23529411764706, "percent_covered_display": "88", "missing_lines": 2, "excluded_lines": 0}, "missing_lines": [30, 31], "excluded_lines": []}}}, "hpfracc\\algorithms\\__init__.py": {"executed_lines": [1, 15, 28, 45, 56, 65, 98], "summary": {"covered_lines": 6, "num_statements": 6, "percent_covered": 100.0, "percent_covered_display": "100", "missing_lines": 0, "excluded_lines": 0}, "missing_lines": [], "excluded_lines": [], "functions": {"": {"executed_lines": [1, 15, 28, 45, 56, 65, 98], "summary": {"covered_lines": 6, "num_statements": 6, "percent_covered": 100.0, "percent_covered_display": "100", "missing_lines": 0, "excluded_lines": 0}, "missing_lines": [], "excluded_lines": []}}, "classes": {"": {"executed_lines": [1, 15, 28, 45, 56, 65, 98], "summary": {"covered_lines": 6, "num_statements": 6, "percent_covered": 100.0, "percent_covered_display": "100", "missing_lines": 0, "excluded_lines": 0}, "missing_lines": [], "excluded_lines": []}}}, "hpfracc\\algorithms\\advanced_methods.py": {"executed_lines": [1, 14, 15, 16, 18, 19, 20, 23, 24, 33, 41, 42, 44, 46, 47, 49, 51, 52, 54, 56, 58, 66, 67, 68, 74, 76, 77, 78, 83, 84, 85, 87, 88, 90, 91, 93, 95, 101, 102, 103, 106, 107, 108, 109, 112, 113, 116, 117, 118, 119, 122, 123, 125, 126, 127, 128, 130, 132, 133, 136, 138, 140, 146, 149, 152, 153, 158, 159, 161, 163, 167, 168, 171, 172, 182, 189, 190, 192, 194, 195, 197, 198, 200, 203, 205, 214, 215, 216, 222, 224, 225, 226, 231, 232, 233, 235, 236, 240, 243, 247, 250, 253, 256, 258, 259, 262, 265, 268, 269, 270, 271, 273, 274, 275, 278, 280, 284, 285, 287, 295, 297, 298, 299, 300, 303, 304, 306, 307, 308, 309, 310, 312, 314, 316, 320, 321, 323, 324, 325, 326, 328, 329, 330, 331, 332, 334, 336, 339, 340, 349, 360, 361, 365, 366, 368, 370, 371, 372, 374, 381, 382, 383, 390, 392, 393, 394, 399, 400, 401, 403, 405, 411, 412, 414, 415, 416, 417, 420, 423, 424, 425, 426, 427, 428, 429, 432, 433, 441, 444, 445, 454, 461, 462, 464, 466, 467, 469, 470, 472, 474, 482, 483, 484, 490, 492, 493, 494, 499, 500, 501, 503, 505, 509, 510, 513, 514, 515, 516, 519, 522, 525, 526, 529, 532, 534, 537, 538, 545, 552, 553, 557, 558, 560, 561, 563, 565, 588, 589, 590, 593, 596, 597, 600, 601, 603, 606, 607, 609, 611, 615, 617, 619, 622, 624, 626, 628, 632, 634, 635, 636, 637, 639, 641, 643, 645, 651, 652, 654, 656, 658, 660, 664, 665, 667, 668, 669, 671, 672, 674, 676, 678, 680, 687, 690, 691, 693, 697, 705, 706, 709, 717, 718, 721, 729, 730, 733, 741, 742, 749, 750, 752, 754, 757, 758, 760, 762, 765, 766, 768, 773, 774, 776, 781, 782, 784, 793, 805, 817, 829], "summary": {"covered_lines": 308, "num_statements": 355, "percent_covered": 86.7605633802817, "percent_covered_display": "87", "missing_lines": 47, "excluded_lines": 0}, "missing_lines": [50, 53, 70, 71, 72, 73, 80, 150, 196, 199, 218, 219, 220, 221, 228, 251, 362, 385, 386, 387, 389, 396, 436, 437, 438, 439, 468, 471, 486, 487, 488, 489, 496, 555, 559, 562, 770, 778, 786, 801, 802, 813, 814, 825, 826, 837, 838], "excluded_lines": [], "functions": {"WeylDerivative.__init__": {"executed_lines": [41, 42, 44, 46, 47, 49, 51, 52, 54, 56], "summary": {"covered_lines": 10, "num_statements": 12, "percent_covered": 83.33333333333333, "percent_covered_display": "83", "missing_lines": 2, "excluded_lines": 0}, "missing_lines": [50, 53], "excluded_lines": []}, "WeylDerivative.compute": {"executed_lines": [66, 67, 68, 74, 76, 77, 78, 83, 84, 85, 87, 88, 90, 91, 93], "summary": {"covered_lines": 15, "num_statements": 20, "percent_covered": 75.0, "percent_covered_display": "75", "missing_lines": 5, "excluded_lines": 0}, "missing_lines": [70, 71, 72, 73, 80], "excluded_lines": []}, "WeylDerivative._compute_serial": {"executed_lines": [101, 102, 103, 106, 107, 108, 109, 112, 113, 116, 117, 118, 119, 122, 123, 125, 126, 127, 128, 130, 132, 133, 136, 138], "summary": {"covered_lines": 24, "num_statements": 24, "percent_covered": 100.0, "percent_covered_display": "100", "missing_lines": 0, "excluded_lines": 0}, "missing_lines": [], "excluded_lines": []}, "WeylDerivative._compute_parallel": {"executed_lines": [146, 149, 152, 153, 158, 159, 161], "summary": {"covered_lines": 7, "num_statements": 8, "percent_covered": 87.5, "percent_covered_display": "88", "missing_lines": 1, "excluded_lines": 0}, "missing_lines": [150], "excluded_lines": []}, "WeylDerivative._process_chunk": {"executed_lines": [167, 168], "summary": {"covered_lines": 2, "num_statements": 2, "percent_covered": 100.0, "percent_covered_display": "100", "missing_lines": 0, "excluded_lines": 0}, "missing_lines": [], "excluded_lines": []}, "MarchaudDerivative.__init__": {"executed_lines": [189, 190, 192, 194, 195, 197, 198, 200, 203], "summary": {"covered_lines": 9, "num_statements": 11, "percent_covered": 81.81818181818181, "percent_covered_display": "82", "missing_lines": 2, "excluded_lines": 0}, "missing_lines": [196, 199], "excluded_lines": []}, "MarchaudDerivative.compute": {"executed_lines": [214, 215, 216, 222, 224, 225, 226, 231, 232, 233, 235, 236, 240], "summary": {"covered_lines": 13, "num_statements": 18, "percent_covered": 72.22222222222223, "percent_covered_display": "72", "missing_lines": 5, "excluded_lines": 0}, "missing_lines": [218, 219, 220, 221, 228], "excluded_lines": []}, "MarchaudDerivative._compute_memory_optimized": {"executed_lines": [247, 250, 253, 256, 258, 259, 262, 265, 268, 269, 270, 271, 273, 274, 275, 278], "summary": {"covered_lines": 16, "num_statements": 17, "percent_covered": 94.11764705882354, "percent_covered_display": "94", "missing_lines": 1, "excluded_lines": 0}, "missing_lines": [251], "excluded_lines": []}, "MarchaudDerivative._process_marchaud_chunk": {"executed_lines": [284, 285], "summary": {"covered_lines": 2, "num_statements": 2, "percent_covered": 100.0, "percent_covered_display": "100", "missing_lines": 0, "excluded_lines": 0}, "missing_lines": [], "excluded_lines": []}, "MarchaudDerivative._compute_marchaud_segment": {"executed_lines": [295, 297, 298, 299, 300, 303, 304, 306, 307, 308, 309, 310, 312, 314], "summary": {"covered_lines": 14, "num_statements": 14, "percent_covered": 100.0, "percent_covered_display": "100", "missing_lines": 0, "excluded_lines": 0}, "missing_lines": [], "excluded_lines": []}, "MarchaudDerivative._compute_standard": {"executed_lines": [320, 321, 323, 324, 325, 326, 328, 329, 330, 331, 332, 334, 336], "summary": {"covered_lines": 13, "num_statements": 13, "percent_covered": 100.0, "percent_covered_display": "100", "missing_lines": 0, "excluded_lines": 0}, "missing_lines": [], "excluded_lines": []}, "HadamardDerivative.__init__": {"executed_lines": [360, 361, 365, 366, 368, 370, 371, 372], "summary": {"covered_lines": 8, "num_statements": 9, "percent_covered": 88.88888888888889, "percent_covered_display": "89", "missing_lines": 1, "excluded_lines": 0}, "missing_lines": [362], "excluded_lines": []}, "HadamardDerivative.compute": {"executed_lines": [381, 382, 383, 390, 392, 393, 394, 399, 400, 401, 403], "summary": {"covered_lines": 11, "num_statements": 16, "percent_covered": 68.75, "percent_covered_display": "69", "missing_lines": 5, "excluded_lines": 0}, "missing_lines": [385, 386, 387, 389, 396], "excluded_lines": []}, "HadamardDerivative._compute_hadamard": {"executed_lines": [411, 412, 414, 415, 416, 417, 420, 423, 424, 425, 426, 427, 428, 429, 432, 433, 441], "summary": {"covered_lines": 17, "num_statements": 21, "percent_covered": 80.95238095238095, "percent_covered_display": "81", "missing_lines": 4, "excluded_lines": 0}, "missing_lines": [436, 437, 438, 439], "excluded_lines": []}, "ReizFellerDerivative.__init__": {"executed_lines": [461, 462, 464, 466, 467, 469, 470, 472], "summary": {"covered_lines": 8, "num_statements": 10, "percent_covered": 80.0, "percent_covered_display": "80", "missing_lines": 2, "excluded_lines": 0}, "missing_lines": [468, 471], "excluded_lines": []}, "ReizFellerDerivative.compute": {"executed_lines": [482, 483, 484, 490, 492, 493, 494, 499, 500, 501, 503], "summary": {"covered_lines": 11, "num_statements": 16, "percent_covered": 68.75, "percent_covered_display": "69", "missing_lines": 5, "excluded_lines": 0}, "missing_lines": [486, 487, 488, 489, 496], "excluded_lines": []}, "ReizFellerDerivative._compute_spectral": {"executed_lines": [509, 510, 513, 514, 515, 516, 519, 522, 525, 526, 529, 532, 534], "summary": {"covered_lines": 13, "num_statements": 13, "percent_covered": 100.0, "percent_covered_display": "100", "missing_lines": 0, "excluded_lines": 0}, "missing_lines": [], "excluded_lines": []}, "AdomianDecomposition.__init__": {"executed_lines": [552, 553, 557, 558, 560, 561, 563], "summary": {"covered_lines": 7, "num_statements": 10, "percent_covered": 70.0, "percent_covered_display": "70", "missing_lines": 3, "excluded_lines": 0}, "missing_lines": [555, 559, 562], "excluded_lines": []}, "AdomianDecomposition.solve": {"executed_lines": [588, 589, 590, 593, 596, 597, 600, 601, 603, 606, 607, 609], "summary": {"covered_lines": 12, "num_statements": 12, "percent_covered": 100.0, "percent_covered_display": "100", "missing_lines": 0, "excluded_lines": 0}, "missing_lines": [], "excluded_lines": []}, "AdomianDecomposition._compute_terms_serial": {"executed_lines": [615, 617, 619, 622, 624, 626], "summary": {"covered_lines": 6, "num_statements": 6, "percent_covered": 100.0, "percent_covered_display": "100", "missing_lines": 0, "excluded_lines": 0}, "missing_lines": [], "excluded_lines": []}, "AdomianDecomposition._compute_terms_parallel": {"executed_lines": [632, 634, 635, 636, 637, 639, 641, 643], "summary": {"covered_lines": 8, "num_statements": 8, "percent_covered": 100.0, "percent_covered_display": "100", "missing_lines": 0, "excluded_lines": 0}, "missing_lines": [], "excluded_lines": []}, "AdomianDecomposition._compute_adomian_polynomial": {"executed_lines": [651, 652, 654, 656, 658], "summary": {"covered_lines": 5, "num_statements": 5, "percent_covered": 100.0, "percent_covered_display": "100", "missing_lines": 0, "excluded_lines": 0}, "missing_lines": [], "excluded_lines": []}, "AdomianDecomposition._compute_integral_term": {"executed_lines": [664, 665, 667, 668, 669, 671, 672, 674, 676, 678], "summary": {"covered_lines": 10, "num_statements": 10, "percent_covered": 100.0, "percent_covered_display": "100", "missing_lines": 0, "excluded_lines": 0}, "missing_lines": [], "excluded_lines": []}, "AdomianDecomposition._compute_single_term": {"executed_lines": [687, 690, 691, 693], "summary": {"covered_lines": 4, "num_statements": 4, "percent_covered": 100.0, "percent_covered_display": "100", "missing_lines": 0, "excluded_lines": 0}, "missing_lines": [], "excluded_lines": []}, "weyl_derivative": {"executed_lines": [705, 706], "summary": {"covered_lines": 2, "num_statements": 2, "percent_covered": 100.0, "percent_covered_display": "100", "missing_lines": 0, "excluded_lines": 0}, "missing_lines": [], "excluded_lines": []}, "marchaud_derivative": {"executed_lines": [717, 718], "summary": {"covered_lines": 2, "num_statements": 2, "percent_covered": 100.0, "percent_covered_display": "100", "missing_lines": 0, "excluded_lines": 0}, "missing_lines": [], "excluded_lines": []}, "hadamard_derivative": {"executed_lines": [729, 730], "summary": {"covered_lines": 2, "num_statements": 2, "percent_covered": 100.0, "percent_covered_display": "100", "missing_lines": 0, "excluded_lines": 0}, "missing_lines": [], "excluded_lines": []}, "reiz_feller_derivative": {"executed_lines": [741, 742], "summary": {"covered_lines": 2, "num_statements": 2, "percent_covered": 100.0, "percent_covered_display": "100", "missing_lines": 0, "excluded_lines": 0}, "missing_lines": [], "excluded_lines": []}, "OptimizedWeylDerivative.__init__": {"executed_lines": [754], "summary": {"covered_lines": 1, "num_statements": 1, "percent_covered": 100.0, "percent_covered_display": "100", "missing_lines": 0, "excluded_lines": 0}, "missing_lines": [], "excluded_lines": []}, "OptimizedMarchaudDerivative.__init__": {"executed_lines": [762], "summary": {"covered_lines": 1, "num_statements": 1, "percent_covered": 100.0, "percent_covered_display": "100", "missing_lines": 0, "excluded_lines": 0}, "missing_lines": [], "excluded_lines": []}, "OptimizedHadamardDerivative.__init__": {"executed_lines": [], "summary": {"covered_lines": 0, "num_statements": 1, "percent_covered": 0.0, "percent_covered_display": "0", "missing_lines": 1, "excluded_lines": 0}, "missing_lines": [770], "excluded_lines": []}, "OptimizedReizFellerDerivative.__init__": {"executed_lines": [], "summary": {"covered_lines": 0, "num_statements": 1, "percent_covered": 0.0, "percent_covered_display": "0", "missing_lines": 1, "excluded_lines": 0}, "missing_lines": [778], "excluded_lines": []}, "OptimizedAdomianDecomposition.__init__": {"executed_lines": [], "summary": {"covered_lines": 0, "num_statements": 1, "percent_covered": 0.0, "percent_covered_display": "0", "missing_lines": 1, "excluded_lines": 0}, "missing_lines": [786], "excluded_lines": []}, "optimized_weyl_derivative": {"executed_lines": [], "summary": {"covered_lines": 0, "num_statements": 2, "percent_covered": 0.0, "percent_covered_display": "0", "missing_lines": 2, "excluded_lines": 0}, "missing_lines": [801, 802], "excluded_lines": []}, "optimized_marchaud_derivative": {"executed_lines": [], "summary": {"covered_lines": 0, "num_statements": 2, "percent_covered": 0.0, "percent_covered_display": "0", "missing_lines": 2, "excluded_lines": 0}, "missing_lines": [813, 814], "excluded_lines": []}, "optimized_hadamard_derivative": {"executed_lines": [], "summary": {"covered_lines": 0, "num_statements": 2, "percent_covered": 0.0, "percent_covered_display": "0", "missing_lines": 2, "excluded_lines": 0}, "missing_lines": [825, 826], "excluded_lines": []}, "optimized_reiz_feller_derivative": {"executed_lines": [], "summary": {"covered_lines": 0, "num_statements": 2, "percent_covered": 0.0, "percent_covered_display": "0", "missing_lines": 2, "excluded_lines": 0}, "missing_lines": [837, 838], "excluded_lines": []}, "": {"executed_lines": [1, 14, 15, 16, 18, 19, 20, 23, 24, 33, 58, 95, 140, 163, 171, 172, 182, 205, 243, 280, 287, 316, 339, 340, 349, 374, 405, 444, 445, 454, 474, 505, 537, 538, 545, 565, 611, 628, 645, 660, 680, 697, 709, 721, 733, 749, 750, 752, 757, 758, 760, 765, 766, 768, 773, 774, 776, 781, 782, 784, 793, 805, 817, 829], "summary": {"covered_lines": 53, "num_statements": 53, "percent_covered": 100.0, "percent_covered_display": "100", "missing_lines": 0, "excluded_lines": 0}, "missing_lines": [], "excluded_lines": []}}, "classes": {"WeylDerivative": {"executed_lines": [41, 42, 44, 46, 47, 49, 51, 52, 54, 56, 66, 67, 68, 74, 76, 77, 78, 83, 84, 85, 87, 88, 90, 91, 93, 101, 102, 103, 106, 107, 108, 109, 112, 113, 116, 117, 118, 119, 122, 123, 125, 126, 127, 128, 130, 132, 133, 136, 138, 146, 149, 152, 153, 158, 159, 161, 167, 168], "summary": {"covered_lines": 58, "num_statements": 66, "percent_covered": 87.87878787878788, "percent_covered_display": "88", "missing_lines": 8, "excluded_lines": 0}, "missing_lines": [50, 53, 70, 71, 72, 73, 80, 150], "excluded_lines": []}, "MarchaudDerivative": {"executed_lines": [189, 190, 192, 194, 195, 197, 198, 200, 203, 214, 215, 216, 222, 224, 225, 226, 231, 232, 233, 235, 236, 240, 247, 250, 253, 256, 258, 259, 262, 265, 268, 269, 270, 271, 273, 274, 275, 278, 284, 285, 295, 297, 298, 299, 300, 303, 304, 306, 307, 308, 309, 310, 312, 314, 320, 321, 323, 324, 325, 326, 328, 329, 330, 331, 332, 334, 336], "summary": {"covered_lines": 67, "num_statements": 75, "percent_covered": 89.33333333333333, "percent_covered_display": "89", "missing_lines": 8, "excluded_lines": 0}, "missing_lines": [196, 199, 218, 219, 220, 221, 228, 251], "excluded_lines": []}, "HadamardDerivative": {"executed_lines": [360, 361, 365, 366, 368, 370, 371, 372, 381, 382, 383, 390, 392, 393, 394, 399, 400, 401, 403, 411, 412, 414, 415, 416, 417, 420, 423, 424, 425, 426, 427, 428, 429, 432, 433, 441], "summary": {"covered_lines": 36, "num_statements": 46, "percent_covered": 78.26086956521739, "percent_covered_display": "78", "missing_lines": 10, "excluded_lines": 0}, "missing_lines": [362, 385, 386, 387, 389, 396, 436, 437, 438, 439], "excluded_lines": []}, "ReizFellerDerivative": {"executed_lines": [461, 462, 464, 466, 467, 469, 470, 472, 482, 483, 484, 490, 492, 493, 494, 499, 500, 501, 503, 509, 510, 513, 514, 515, 516, 519, 522, 525, 526, 529, 532, 534], "summary": {"covered_lines": 32, "num_statements": 39, "percent_covered": 82.05128205128206, "percent_covered_display": "82", "missing_lines": 7, "excluded_lines": 0}, "missing_lines": [468, 471, 486, 487, 488, 489, 496], "excluded_lines": []}, "AdomianDecomposition": {"executed_lines": [552, 553, 557, 558, 560, 561, 563, 588, 589, 590, 593, 596, 597, 600, 601, 603, 606, 607, 609, 615, 617, 619, 622, 624, 626, 632, 634, 635, 636, 637, 639, 641, 643, 651, 652, 654, 656, 658, 664, 665, 667, 668, 669, 671, 672, 674, 676, 678, 687, 690, 691, 693], "summary": {"covered_lines": 52, "num_statements": 55, "percent_covered": 94.54545454545455, "percent_covered_display": "95", "missing_lines": 3, "excluded_lines": 0}, "missing_lines": [555, 559, 562], "excluded_lines": []}, "OptimizedWeylDerivative": {"executed_lines": [754], "summary": {"covered_lines": 1, "num_statements": 1, "percent_covered": 100.0, "percent_covered_display": "100", "missing_lines": 0, "excluded_lines": 0}, "missing_lines": [], "excluded_lines": []}, "OptimizedMarchaudDerivative": {"executed_lines": [762], "summary": {"covered_lines": 1, "num_statements": 1, "percent_covered": 100.0, "percent_covered_display": "100", "missing_lines": 0, "excluded_lines": 0}, "missing_lines": [], "excluded_lines": []}, "OptimizedHadamardDerivative": {"executed_lines": [], "summary": {"covered_lines": 0, "num_statements": 1, "percent_covered": 0.0, "percent_covered_display": "0", "missing_lines": 1, "excluded_lines": 0}, "missing_lines": [770], "excluded_lines": []}, "OptimizedReizFellerDerivative": {"executed_lines": [], "summary": {"covered_lines": 0, "num_statements": 1, "percent_covered": 0.0, "percent_covered_display": "0", "missing_lines": 1, "excluded_lines": 0}, "missing_lines": [778], "excluded_lines": []}, "OptimizedAdomianDecomposition": {"executed_lines": [], "summary": {"covered_lines": 0, "num_statements": 1, "percent_covered": 0.0, "percent_covered_display": "0", "missing_lines": 1, "excluded_lines": 0}, "missing_lines": [786], "excluded_lines": []}, "": {"executed_lines": [1, 14, 15, 16, 18, 19, 20, 23, 24, 33, 58, 95, 140, 163, 171, 172, 182, 205, 243, 280, 287, 316, 339, 340, 349, 374, 405, 444, 445, 454, 474, 505, 537, 538, 545, 565, 611, 628, 645, 660, 680, 697, 705, 706, 709, 717, 718, 721, 729, 730, 733, 741, 742, 749, 750, 752, 757, 758, 760, 765, 766, 768, 773, 774, 776, 781, 782, 784, 793, 805, 817, 829], "summary": {"covered_lines": 61, "num_statements": 69, "percent_covered": 88.40579710144928, "percent_covered_display": "88", "missing_lines": 8, "excluded_lines": 0}, "missing_lines": [801, 802, 813, 814, 825, 826, 837, 838], "excluded_lines": []}}}, "hpfracc\\algorithms\\gpu_optimized_methods.py": {"executed_lines": [1, 15, 16, 17, 18, 19, 22, 23, 24, 25, 26, 28, 33, 34, 37, 38, 40, 41, 44, 45, 55, 66, 67, 68, 69, 70, 71, 72, 73, 76, 77, 78, 80, 81, 82, 83, 85, 86, 89, 90, 91, 92, 95, 97, 98, 99, 100, 102, 105, 112, 161, 162, 173, 182, 183, 184, 186, 189, 192, 194, 195, 197, 199, 201, 204, 206, 208, 209, 210, 213, 215, 216, 218, 219, 227, 230, 237, 238, 239, 241, 242, 245, 246, 247, 252, 253, 255, 257, 258, 261, 266, 267, 269, 271, 273, 301, 303, 306, 307, 308, 310, 320, 321, 322, 323, 324, 326, 328, 330, 332, 333, 334, 337, 339, 346, 348, 350, 351, 354, 355, 357, 358, 361, 363, 364, 365, 366, 370, 375, 376, 379, 382, 386, 388, 441, 445, 447, 448, 450, 508, 509, 518, 527, 528, 529, 530, 533, 536, 538, 539, 540, 542, 544, 546, 547, 549, 551, 553, 554, 556, 557, 560, 561, 569, 572, 576, 577, 581, 586, 589, 594, 596, 598, 600, 608, 611, 613, 620, 621, 623, 624, 628, 629, 630, 631, 639, 640, 642, 643, 646, 655, 657, 658, 659, 661, 671, 672, 681, 690, 691, 692, 693, 696, 699, 701, 702, 704, 705, 706, 707, 709, 711, 713, 714, 716, 717, 720, 721, 725, 729, 730, 734, 738, 743, 746, 747, 748, 751, 758, 761, 764, 766, 768, 770, 777, 780, 787, 788, 790, 792, 793, 794, 799, 800, 802, 803, 806, 815, 818, 821, 822, 824, 825, 827, 831, 832, 836, 837, 839, 840, 843, 844, 846, 857, 858, 868, 870, 871, 872, 874, 876, 878, 879, 880, 881, 891, 898, 900, 907, 932, 950, 959, 961, 965, 974, 976, 980, 988, 990, 994, 1031, 1032, 1039, 1040, 1069, 1070, 1099, 1100, 1131, 1132, 1139, 1147, 1150, 1151, 1154, 1158, 1160, 1163, 1185, 1212, 1234], "summary": {"covered_lines": 303, "num_statements": 521, "percent_covered": 58.1573896353167, "percent_covered_display": "58", "missing_lines": 218, "excluded_lines": 0}, "missing_lines": [29, 30, 31, 36, 84, 93, 123, 124, 126, 127, 128, 129, 132, 140, 143, 144, 145, 146, 148, 149, 150, 153, 154, 155, 156, 158, 187, 211, 276, 304, 309, 311, 312, 313, 314, 315, 317, 318, 335, 368, 393, 394, 396, 399, 400, 406, 407, 408, 410, 411, 414, 415, 416, 421, 422, 424, 426, 427, 430, 433, 435, 436, 439, 464, 465, 468, 469, 472, 475, 476, 478, 479, 480, 483, 484, 485, 488, 489, 491, 492, 493, 494, 497, 498, 499, 501, 503, 505, 531, 612, 614, 615, 616, 617, 618, 625, 633, 636, 648, 649, 650, 651, 653, 665, 667, 668, 694, 781, 782, 783, 784, 785, 796, 808, 809, 810, 811, 813, 833, 851, 853, 854, 888, 889, 892, 893, 894, 895, 896, 902, 903, 905, 912, 914, 917, 918, 919, 921, 922, 923, 925, 927, 928, 930, 937, 938, 939, 940, 941, 942, 943, 944, 946, 960, 962, 975, 977, 989, 991, 1002, 1005, 1007, 1008, 1009, 1012, 1013, 1014, 1017, 1018, 1020, 1060, 1061, 1063, 1064, 1066, 1067, 1090, 1091, 1093, 1094, 1096, 1097, 1120, 1121, 1123, 1124, 1126, 1127, 1148, 1155, 1159, 1161, 1177, 1180, 1181, 1183, 1200, 1203, 1204, 1208, 1230, 1231, 1254, 1255, 1258, 1259, 1260, 1263, 1264, 1265, 1266, 1267, 1268, 1269, 1271, 1274, 1275, 1277], "excluded_lines": [], "functions": {"GPUConfig.__init__": {"executed_lines": [66, 67, 68, 69, 70, 71, 72, 73, 76, 77, 78, 80, 81, 82, 83, 85, 86, 89, 90, 91, 92, 95, 97, 98, 99, 100, 102, 105], "summary": {"covered_lines": 28, "num_statements": 30, "percent_covered": 93.33333333333333, "percent_covered_display": "93", "missing_lines": 2, "excluded_lines": 0}, "missing_lines": [84, 93], "excluded_lines": []}, "GPUConfig.select_backend_for_data": {"executed_lines": [], "summary": {"covered_lines": 0, "num_statements": 20, "percent_covered": 0.0, "percent_covered_display": "0", "missing_lines": 20, "excluded_lines": 0}, "missing_lines": [123, 124, 126, 127, 128, 129, 132, 140, 143, 144, 145, 146, 148, 149, 150, 153, 154, 155, 156, 158], "excluded_lines": []}, "GPUOptimizedRiemannLiouville.__init__": {"executed_lines": [182, 183, 184, 186, 189, 192, 194, 195, 197, 199, 201, 204], "summary": {"covered_lines": 12, "num_statements": 13, "percent_covered": 92.3076923076923, "percent_covered_display": "92", "missing_lines": 1, "excluded_lines": 0}, "missing_lines": [187], "excluded_lines": []}, "GPUOptimizedRiemannLiouville._compile_gpu_kernels": {"executed_lines": [208, 209, 210], "summary": {"covered_lines": 3, "num_statements": 4, "percent_covered": 75.0, "percent_covered_display": "75", "missing_lines": 1, "excluded_lines": 0}, "missing_lines": [211], "excluded_lines": []}, "GPUOptimizedRiemannLiouville._compile_jax_kernels": {"executed_lines": [215, 216, 218, 219, 271], "summary": {"covered_lines": 5, "num_statements": 5, "percent_covered": 100.0, "percent_covered_display": "100", "missing_lines": 0, "excluded_lines": 0}, "missing_lines": [], "excluded_lines": []}, "GPUOptimizedRiemannLiouville._compile_jax_kernels.jax_fft_convolution": {"executed_lines": [227, 230, 237, 238, 239, 241, 242, 245, 246, 247, 252, 253, 255, 257, 258, 261, 266, 267, 269], "summary": {"covered_lines": 19, "num_statements": 19, "percent_covered": 100.0, "percent_covered_display": "100", "missing_lines": 0, "excluded_lines": 0}, "missing_lines": [], "excluded_lines": []}, "GPUOptimizedRiemannLiouville._compile_cupy_kernels": {"executed_lines": [], "summary": {"covered_lines": 0, "num_statements": 1, "percent_covered": 0.0, "percent_covered_display": "0", "missing_lines": 1, "excluded_lines": 0}, "missing_lines": [276], "excluded_lines": []}, "GPUOptimizedRiemannLiouville._prepare_inputs": {"executed_lines": [303, 306, 307, 308, 310, 320, 321, 322, 323, 324, 326, 328], "summary": {"covered_lines": 12, "num_statements": 21, "percent_covered": 57.142857142857146, "percent_covered_display": "57", "missing_lines": 9, "excluded_lines": 0}, "missing_lines": [304, 309, 311, 312, 313, 314, 315, 317, 318], "excluded_lines": []}, "GPUOptimizedRiemannLiouville._execute_gpu_computation": {"executed_lines": [332, 333, 334, 337], "summary": {"covered_lines": 4, "num_statements": 5, "percent_covered": 80.0, "percent_covered_display": "80", "missing_lines": 1, "excluded_lines": 0}, "missing_lines": [335], "excluded_lines": []}, "GPUOptimizedRiemannLiouville.compute": {"executed_lines": [346, 348, 350, 351, 354, 355, 357, 358, 361, 363, 364, 365, 366], "summary": {"covered_lines": 13, "num_statements": 14, "percent_covered": 92.85714285714286, "percent_covered_display": "93", "missing_lines": 1, "excluded_lines": 0}, "missing_lines": [368], "excluded_lines": []}, "GPUOptimizedRiemannLiouville._compute_jax": {"executed_lines": [375, 376, 379, 382, 386], "summary": {"covered_lines": 5, "num_statements": 5, "percent_covered": 100.0, "percent_covered_display": "100", "missing_lines": 0, "excluded_lines": 0}, "missing_lines": [], "excluded_lines": []}, "GPUOptimizedRiemannLiouville._compute_cupy": {"executed_lines": [], "summary": {"covered_lines": 0, "num_statements": 23, "percent_covered": 0.0, "percent_covered_display": "0", "missing_lines": 23, "excluded_lines": 0}, "missing_lines": [393, 394, 396, 399, 400, 406, 407, 408, 410, 411, 414, 415, 416, 421, 422, 424, 426, 427, 430, 433, 435, 436, 439], "excluded_lines": []}, "GPUOptimizedRiemannLiouville._compute_cpu_fallback": {"executed_lines": [445, 447, 448], "summary": {"covered_lines": 3, "num_statements": 3, "percent_covered": 100.0, "percent_covered_display": "100", "missing_lines": 0, "excluded_lines": 0}, "missing_lines": [], "excluded_lines": []}, "GPUOptimizedRiemannLiouville._memory_efficient_compute": {"executed_lines": [], "summary": {"covered_lines": 0, "num_statements": 25, "percent_covered": 0.0, "percent_covered_display": "0", "missing_lines": 25, "excluded_lines": 0}, "missing_lines": [464, 465, 468, 469, 472, 475, 476, 478, 479, 480, 483, 484, 485, 488, 489, 491, 492, 493, 494, 497, 498, 499, 501, 503, 505], "excluded_lines": []}, "GPUOptimizedCaputo.__init__": {"executed_lines": [527, 528, 529, 530, 533, 536, 538, 539, 540, 542, 544, 546, 547], "summary": {"covered_lines": 13, "num_statements": 14, "percent_covered": 92.85714285714286, "percent_covered_display": "93", "missing_lines": 1, "excluded_lines": 0}, "missing_lines": [531], "excluded_lines": []}, "GPUOptimizedCaputo._compile_gpu_kernels": {"executed_lines": [551, 553, 554, 598], "summary": {"covered_lines": 4, "num_statements": 4, "percent_covered": 100.0, "percent_covered_display": "100", "missing_lines": 0, "excluded_lines": 0}, "missing_lines": [], "excluded_lines": []}, "GPUOptimizedCaputo._compile_gpu_kernels.jax_l1_scheme": {"executed_lines": [556, 557, 560, 561, 569, 572, 576, 577, 581, 586, 589, 594, 596], "summary": {"covered_lines": 13, "num_statements": 13, "percent_covered": 100.0, "percent_covered_display": "100", "missing_lines": 0, "excluded_lines": 0}, "missing_lines": [], "excluded_lines": []}, "GPUOptimizedCaputo.compute": {"executed_lines": [608, 611, 613, 620, 621, 623, 624, 628, 629, 630, 631, 639, 640, 642, 643, 646], "summary": {"covered_lines": 16, "num_statements": 30, "percent_covered": 53.333333333333336, "percent_covered_display": "53", "missing_lines": 14, "excluded_lines": 0}, "missing_lines": [612, 614, 615, 616, 617, 618, 625, 633, 636, 648, 649, 650, 651, 653], "excluded_lines": []}, "GPUOptimizedCaputo._compute_jax_l1": {"executed_lines": [657, 658, 659], "summary": {"covered_lines": 3, "num_statements": 3, "percent_covered": 100.0, "percent_covered_display": "100", "missing_lines": 0, "excluded_lines": 0}, "missing_lines": [], "excluded_lines": []}, "GPUOptimizedCaputo._compute_cpu_fallback": {"executed_lines": [], "summary": {"covered_lines": 0, "num_statements": 3, "percent_covered": 0.0, "percent_covered_display": "0", "missing_lines": 3, "excluded_lines": 0}, "missing_lines": [665, 667, 668], "excluded_lines": []}, "GPUOptimizedGrunwaldLetnikov.__init__": {"executed_lines": [690, 691, 692, 693, 696, 699, 701, 702, 704, 705, 706, 707], "summary": {"covered_lines": 12, "num_statements": 13, "percent_covered": 92.3076923076923, "percent_covered_display": "92", "missing_lines": 1, "excluded_lines": 0}, "missing_lines": [694], "excluded_lines": []}, "GPUOptimizedGrunwaldLetnikov._compile_gpu_kernels": {"executed_lines": [711, 713, 714, 768], "summary": {"covered_lines": 4, "num_statements": 4, "percent_covered": 100.0, "percent_covered_display": "100", "missing_lines": 0, "excluded_lines": 0}, "missing_lines": [], "excluded_lines": []}, "GPUOptimizedGrunwaldLetnikov._compile_gpu_kernels.jax_grunwald_letnikov": {"executed_lines": [716, 717, 720, 721, 725, 729, 730, 734, 738, 743, 746, 747, 748, 751, 758, 761, 764, 766], "summary": {"covered_lines": 18, "num_statements": 18, "percent_covered": 100.0, "percent_covered_display": "100", "missing_lines": 0, "excluded_lines": 0}, "missing_lines": [], "excluded_lines": []}, "GPUOptimizedGrunwaldLetnikov.compute": {"executed_lines": [777, 780, 787, 788, 790, 792, 793, 794, 799, 800, 802, 803, 806], "summary": {"covered_lines": 13, "num_statements": 24, "percent_covered": 54.166666666666664, "percent_covered_display": "54", "missing_lines": 11, "excluded_lines": 0}, "missing_lines": [781, 782, 783, 784, 785, 796, 808, 809, 810, 811, 813], "excluded_lines": []}, "GPUOptimizedGrunwaldLetnikov._compute_jax": {"executed_lines": [818, 821, 822, 824, 825], "summary": {"covered_lines": 5, "num_statements": 5, "percent_covered": 100.0, "percent_covered_display": "100", "missing_lines": 0, "excluded_lines": 0}, "missing_lines": [], "excluded_lines": []}, "GPUOptimizedGrunwaldLetnikov._fast_binomial_coefficients_jax": {"executed_lines": [831, 832, 836, 837, 839, 840, 843, 844], "summary": {"covered_lines": 8, "num_statements": 9, "percent_covered": 88.88888888888889, "percent_covered_display": "89", "missing_lines": 1, "excluded_lines": 0}, "missing_lines": [833], "excluded_lines": []}, "GPUOptimizedGrunwaldLetnikov._compute_cpu_fallback": {"executed_lines": [], "summary": {"covered_lines": 0, "num_statements": 3, "percent_covered": 0.0, "percent_covered_display": "0", "missing_lines": 3, "excluded_lines": 0}, "missing_lines": [851, 853, 854], "excluded_lines": []}, "MultiGPUManager.__init__": {"executed_lines": [870, 871, 872], "summary": {"covered_lines": 3, "num_statements": 3, "percent_covered": 100.0, "percent_covered_display": "100", "missing_lines": 0, "excluded_lines": 0}, "missing_lines": [], "excluded_lines": []}, "MultiGPUManager._detect_gpus": {"executed_lines": [876, 878, 879, 880, 881, 891, 898], "summary": {"covered_lines": 7, "num_statements": 14, "percent_covered": 50.0, "percent_covered_display": "50", "missing_lines": 7, "excluded_lines": 0}, "missing_lines": [888, 889, 892, 893, 894, 895, 896], "excluded_lines": []}, "MultiGPUManager.get_optimal_gpu": {"executed_lines": [], "summary": {"covered_lines": 0, "num_statements": 3, "percent_covered": 0.0, "percent_covered_display": "0", "missing_lines": 3, "excluded_lines": 0}, "missing_lines": [902, 903, 905], "excluded_lines": []}, "MultiGPUManager.distribute_computation": {"executed_lines": [], "summary": {"covered_lines": 0, "num_statements": 12, "percent_covered": 0.0, "percent_covered_display": "0", "missing_lines": 12, "excluded_lines": 0}, "missing_lines": [912, 914, 917, 918, 919, 921, 922, 923, 925, 927, 928, 930], "excluded_lines": []}, "MultiGPUManager._compute_on_gpu": {"executed_lines": [], "summary": {"covered_lines": 0, "num_statements": 9, "percent_covered": 0.0, "percent_covered_display": "0", "missing_lines": 9, "excluded_lines": 0}, "missing_lines": [937, 938, 939, 940, 941, 942, 943, 944, 946], "excluded_lines": []}, "gpu_optimized_riemann_liouville": {"executed_lines": [959, 961], "summary": {"covered_lines": 2, "num_statements": 4, "percent_covered": 50.0, "percent_covered_display": "50", "missing_lines": 2, "excluded_lines": 0}, "missing_lines": [960, 962], "excluded_lines": []}, "gpu_optimized_caputo": {"executed_lines": [974, 976], "summary": {"covered_lines": 2, "num_statements": 4, "percent_covered": 50.0, "percent_covered_display": "50", "missing_lines": 2, "excluded_lines": 0}, "missing_lines": [975, 977], "excluded_lines": []}, "gpu_optimized_grunwald_letnikov": {"executed_lines": [988, 990], "summary": {"covered_lines": 2, "num_statements": 4, "percent_covered": 50.0, "percent_covered_display": "50", "missing_lines": 2, "excluded_lines": 0}, "missing_lines": [989, 991], "excluded_lines": []}, "benchmark_gpu_vs_cpu": {"executed_lines": [], "summary": {"covered_lines": 0, "num_statements": 11, "percent_covered": 0.0, "percent_covered_display": "0", "missing_lines": 11, "excluded_lines": 0}, "missing_lines": [1002, 1005, 1007, 1008, 1009, 1012, 1013, 1014, 1017, 1018, 1020], "excluded_lines": []}, "JAXAutomaticDifferentiation.gradient_wrt_alpha": {"executed_lines": [], "summary": {"covered_lines": 0, "num_statements": 5, "percent_covered": 0.0, "percent_covered_display": "0", "missing_lines": 5, "excluded_lines": 0}, "missing_lines": [1060, 1061, 1063, 1066, 1067], "excluded_lines": []}, "JAXAutomaticDifferentiation.gradient_wrt_alpha.simple_derivative": {"executed_lines": [], "summary": {"covered_lines": 0, "num_statements": 1, "percent_covered": 0.0, "percent_covered_display": "0", "missing_lines": 1, "excluded_lines": 0}, "missing_lines": [1064], "excluded_lines": []}, "JAXAutomaticDifferentiation.jacobian_wrt_function": {"executed_lines": [], "summary": {"covered_lines": 0, "num_statements": 5, "percent_covered": 0.0, "percent_covered_display": "0", "missing_lines": 5, "excluded_lines": 0}, "missing_lines": [1090, 1091, 1093, 1096, 1097], "excluded_lines": []}, "JAXAutomaticDifferentiation.jacobian_wrt_function.simple_derivative": {"executed_lines": [], "summary": {"covered_lines": 0, "num_statements": 1, "percent_covered": 0.0, "percent_covered_display": "0", "missing_lines": 1, "excluded_lines": 0}, "missing_lines": [1094], "excluded_lines": []}, "JAXAutomaticDifferentiation.hessian_wrt_alpha": {"executed_lines": [], "summary": {"covered_lines": 0, "num_statements": 5, "percent_covered": 0.0, "percent_covered_display": "0", "missing_lines": 5, "excluded_lines": 0}, "missing_lines": [1120, 1121, 1123, 1126, 1127], "excluded_lines": []}, "JAXAutomaticDifferentiation.hessian_wrt_alpha.simple_derivative": {"executed_lines": [], "summary": {"covered_lines": 0, "num_statements": 1, "percent_covered": 0.0, "percent_covered_display": "0", "missing_lines": 1, "excluded_lines": 0}, "missing_lines": [1124], "excluded_lines": []}, "JAXOptimizer.__init__": {"executed_lines": [1147, 1150, 1151, 1154, 1158, 1160], "summary": {"covered_lines": 6, "num_statements": 10, "percent_covered": 60.0, "percent_covered_display": "60", "missing_lines": 4, "excluded_lines": 0}, "missing_lines": [1148, 1155, 1159, 1161], "excluded_lines": []}, "JAXOptimizer.optimize_fractional_derivative": {"executed_lines": [], "summary": {"covered_lines": 0, "num_statements": 4, "percent_covered": 0.0, "percent_covered_display": "0", "missing_lines": 4, "excluded_lines": 0}, "missing_lines": [1177, 1180, 1181, 1183], "excluded_lines": []}, "JAXOptimizer.create_gpu_kernel": {"executed_lines": [], "summary": {"covered_lines": 0, "num_statements": 4, "percent_covered": 0.0, "percent_covered_display": "0", "missing_lines": 4, "excluded_lines": 0}, "missing_lines": [1200, 1203, 1204, 1208], "excluded_lines": []}, "optimize_fractional_derivative_jax": {"executed_lines": [], "summary": {"covered_lines": 0, "num_statements": 2, "percent_covered": 0.0, "percent_covered_display": "0", "missing_lines": 2, "excluded_lines": 0}, "missing_lines": [1230, 1231], "excluded_lines": []}, "vectorize_fractional_derivatives": {"executed_lines": [], "summary": {"covered_lines": 0, "num_statements": 9, "percent_covered": 0.0, "percent_covered_display": "0", "missing_lines": 9, "excluded_lines": 0}, "missing_lines": [1254, 1255, 1258, 1259, 1260, 1263, 1274, 1275, 1277], "excluded_lines": []}, "vectorize_fractional_derivatives.vectorized_derivative": {"executed_lines": [], "summary": {"covered_lines": 0, "num_statements": 7, "percent_covered": 0.0, "percent_covered_display": "0", "missing_lines": 7, "excluded_lines": 0}, "missing_lines": [1264, 1265, 1266, 1267, 1268, 1269, 1271], "excluded_lines": []}, "": {"executed_lines": [1, 15, 16, 17, 18, 19, 22, 23, 24, 25, 26, 28, 33, 34, 37, 38, 40, 41, 44, 45, 55, 112, 161, 162, 173, 206, 213, 273, 301, 330, 339, 370, 388, 441, 450, 508, 509, 518, 549, 600, 655, 661, 671, 672, 681, 709, 770, 815, 827, 846, 857, 858, 868, 874, 900, 907, 932, 950, 965, 980, 994, 1031, 1032, 1039, 1040, 1069, 1070, 1099, 1100, 1131, 1132, 1139, 1163, 1185, 1212, 1234], "summary": {"covered_lines": 68, "num_statements": 72, "percent_covered": 94.44444444444444, "percent_covered_display": "94", "missing_lines": 4, "excluded_lines": 0}, "missing_lines": [29, 30, 31, 36], "excluded_lines": []}}, "classes": {"GPUConfig": {"executed_lines": [66, 67, 68, 69, 70, 71, 72, 73, 76, 77, 78, 80, 81, 82, 83, 85, 86, 89, 90, 91, 92, 95, 97, 98, 99, 100, 102, 105], "summary": {"covered_lines": 28, "num_statements": 50, "percent_covered": 56.0, "percent_covered_display": "56", "missing_lines": 22, "excluded_lines": 0}, "missing_lines": [84, 93, 123, 124, 126, 127, 128, 129, 132, 140, 143, 144, 145, 146, 148, 149, 150, 153, 154, 155, 156, 158], "excluded_lines": []}, "GPUOptimizedRiemannLiouville": {"executed_lines": [182, 183, 184, 186, 189, 192, 194, 195, 197, 199, 201, 204, 208, 209, 210, 215, 216, 218, 219, 227, 230, 237, 238, 239, 241, 242, 245, 246, 247, 252, 253, 255, 257, 258, 261, 266, 267, 269, 271, 303, 306, 307, 308, 310, 320, 321, 322, 323, 324, 326, 328, 332, 333, 334, 337, 346, 348, 350, 351, 354, 355, 357, 358, 361, 363, 364, 365, 366, 375, 376, 379, 382, 386, 445, 447, 448], "summary": {"covered_lines": 76, "num_statements": 138, "percent_covered": 55.072463768115945, "percent_covered_display": "55", "missing_lines": 62, "excluded_lines": 0}, "missing_lines": [187, 211, 276, 304, 309, 311, 312, 313, 314, 315, 317, 318, 335, 368, 393, 394, 396, 399, 400, 406, 407, 408, 410, 411, 414, 415, 416, 421, 422, 424, 426, 427, 430, 433, 435, 436, 439, 464, 465, 468, 469, 472, 475, 476, 478, 479, 480, 483, 484, 485, 488, 489, 491, 492, 493, 494, 497, 498, 499, 501, 503, 505], "excluded_lines": []}, "GPUOptimizedCaputo": {"executed_lines": [527, 528, 529, 530, 533, 536, 538, 539, 540, 542, 544, 546, 547, 551, 553, 554, 556, 557, 560, 561, 569, 572, 576, 577, 581, 586, 589, 594, 596, 598, 608, 611, 613, 620, 621, 623, 624, 628, 629, 630, 631, 639, 640, 642, 643, 646, 657, 658, 659], "summary": {"covered_lines": 49, "num_statements": 67, "percent_covered": 73.13432835820896, "percent_covered_display": "73", "missing_lines": 18, "excluded_lines": 0}, "missing_lines": [531, 612, 614, 615, 616, 617, 618, 625, 633, 636, 648, 649, 650, 651, 653, 665, 667, 668], "excluded_lines": []}, "GPUOptimizedGrunwaldLetnikov": {"executed_lines": [690, 691, 692, 693, 696, 699, 701, 702, 704, 705, 706, 707, 711, 713, 714, 716, 717, 720, 721, 725, 729, 730, 734, 738, 743, 746, 747, 748, 751, 758, 761, 764, 766, 768, 777, 780, 787, 788, 790, 792, 793, 794, 799, 800, 802, 803, 806, 818, 821, 822, 824, 825, 831, 832, 836, 837, 839, 840, 843, 844], "summary": {"covered_lines": 60, "num_statements": 76, "percent_covered": 78.94736842105263, "percent_covered_display": "79", "missing_lines": 16, "excluded_lines": 0}, "missing_lines": [694, 781, 782, 783, 784, 785, 796, 808, 809, 810, 811, 813, 833, 851, 853, 854], "excluded_lines": []}, "MultiGPUManager": {"executed_lines": [870, 871, 872, 876, 878, 879, 880, 881, 891, 898], "summary": {"covered_lines": 10, "num_statements": 41, "percent_covered": 24.390243902439025, "percent_covered_display": "24", "missing_lines": 31, "excluded_lines": 0}, "missing_lines": [888, 889, 892, 893, 894, 895, 896, 902, 903, 905, 912, 914, 917, 918, 919, 921, 922, 923, 925, 927, 928, 930, 937, 938, 939, 940, 941, 942, 943, 944, 946], "excluded_lines": []}, "JAXAutomaticDifferentiation": {"executed_lines": [], "summary": {"covered_lines": 0, "num_statements": 18, "percent_covered": 0.0, "percent_covered_display": "0", "missing_lines": 18, "excluded_lines": 0}, "missing_lines": [1060, 1061, 1063, 1064, 1066, 1067, 1090, 1091, 1093, 1094, 1096, 1097, 1120, 1121, 1123, 1124, 1126, 1127], "excluded_lines": []}, "JAXOptimizer": {"executed_lines": [1147, 1150, 1151, 1154, 1158, 1160], "summary": {"covered_lines": 6, "num_statements": 18, "percent_covered": 33.333333333333336, "percent_covered_display": "33", "missing_lines": 12, "excluded_lines": 0}, "missing_lines": [1148, 1155, 1159, 1161, 1177, 1180, 1181, 1183, 1200, 1203, 1204, 1208], "excluded_lines": []}, "": {"executed_lines": [1, 15, 16, 17, 18, 19, 22, 23, 24, 25, 26, 28, 33, 34, 37, 38, 40, 41, 44, 45, 55, 112, 161, 162, 173, 206, 213, 273, 301, 330, 339, 370, 388, 441, 450, 508, 509, 518, 549, 600, 655, 661, 671, 672, 681, 709, 770, 815, 827, 846, 857, 858, 868, 874, 900, 907, 932, 950, 959, 961, 965, 974, 976, 980, 988, 990, 994, 1031, 1032, 1039, 1040, 1069, 1070, 1099, 1100, 1131, 1132, 1139, 1163, 1185, 1212, 1234], "summary": {"covered_lines": 74, "num_statements": 113, "percent_covered": 65.48672566371681, "percent_covered_display": "65", "missing_lines": 39, "excluded_lines": 0}, "missing_lines": [29, 30, 31, 36, 960, 962, 975, 977, 989, 991, 1002, 1005, 1007, 1008, 1009, 1012, 1013, 1014, 1017, 1018, 1020, 1230, 1231, 1254, 1255, 1258, 1259, 1260, 1263, 1264, 1265, 1266, 1267, 1268, 1269, 1271, 1274, 1275, 1277], "excluded_lines": []}}}, "hpfracc\\algorithms\\integral_methods.py": {"executed_lines": [1, 8, 9, 10, 12, 13, 16, 17, 34, 50, 51, 53, 54, 56, 57, 58, 59, 62, 63, 64, 67, 70, 72, 91, 92, 95, 97, 98, 102, 103, 106, 107, 108, 111, 114, 115, 117, 119, 120, 123, 124, 127, 128, 129, 130, 131, 132, 136, 138, 139, 141, 143, 153, 157, 158, 159, 160, 162, 165, 168, 169, 172, 175, 178, 180, 182, 192, 193, 196, 197, 200, 201, 202, 205, 207, 210, 212, 214, 225, 228, 229, 232, 236, 238, 243, 244, 254, 270, 271, 273, 274, 277, 278, 279, 280, 281, 285, 305, 306, 307, 310, 313, 314, 320, 330, 373, 393, 394, 397, 417, 418, 422, 440, 442, 445, 463, 464], "summary": {"covered_lines": 113, "num_statements": 150, "percent_covered": 75.33333333333333, "percent_covered_display": "75", "missing_lines": 37, "excluded_lines": 0}, "missing_lines": [99, 134, 233, 240, 308, 323, 324, 325, 326, 327, 328, 335, 336, 337, 338, 341, 342, 343, 344, 346, 347, 349, 351, 353, 356, 357, 358, 359, 360, 361, 362, 363, 364, 366, 367, 368, 369], "excluded_lines": [], "functions": {"RiemannLiouvilleIntegral.__init__": {"executed_lines": [50, 51, 53, 54, 56, 57, 58, 59, 62, 63, 64, 67, 70], "summary": {"covered_lines": 13, "num_statements": 13, "percent_covered": 100.0, "percent_covered_display": "100", "missing_lines": 0, "excluded_lines": 0}, "missing_lines": [], "excluded_lines": []}, "RiemannLiouvilleIntegral.compute": {"executed_lines": [91, 92, 95, 97, 98, 102, 103, 106, 107, 108, 111, 114, 115, 117, 119, 120, 123, 124, 127, 128, 129, 130, 131, 132], "summary": {"covered_lines": 24, "num_statements": 26, "percent_covered": 92.3076923076923, "percent_covered_display": "92", "missing_lines": 2, "excluded_lines": 0}, "missing_lines": [99, 134], "excluded_lines": []}, "RiemannLiouvilleIntegral._select_optimal_method": {"executed_lines": [138, 139, 141], "summary": {"covered_lines": 3, "num_statements": 3, "percent_covered": 100.0, "percent_covered_display": "100", "missing_lines": 0, "excluded_lines": 0}, "missing_lines": [], "excluded_lines": []}, "RiemannLiouvilleIntegral._compute_fft": {"executed_lines": [153, 157, 158, 159, 160, 162, 165, 168, 169, 172, 175, 178, 180], "summary": {"covered_lines": 13, "num_statements": 13, "percent_covered": 100.0, "percent_covered_display": "100", "missing_lines": 0, "excluded_lines": 0}, "missing_lines": [], "excluded_lines": []}, "RiemannLiouvilleIntegral._compute_direct": {"executed_lines": [192, 193, 196, 197, 200, 201, 202, 205, 207, 210, 212], "summary": {"covered_lines": 11, "num_statements": 11, "percent_covered": 100.0, "percent_covered_display": "100", "missing_lines": 0, "excluded_lines": 0}, "missing_lines": [], "excluded_lines": []}, "RiemannLiouvilleIntegral._compute_adaptive": {"executed_lines": [225, 228, 229, 232, 236, 238], "summary": {"covered_lines": 6, "num_statements": 8, "percent_covered": 75.0, "percent_covered_display": "75", "missing_lines": 2, "excluded_lines": 0}, "missing_lines": [233, 240], "excluded_lines": []}, "CaputoIntegral.__init__": {"executed_lines": [270, 271, 273, 274, 277, 278, 279, 280, 281], "summary": {"covered_lines": 9, "num_statements": 9, "percent_covered": 100.0, "percent_covered_display": "100", "missing_lines": 0, "excluded_lines": 0}, "missing_lines": [], "excluded_lines": []}, "CaputoIntegral.compute": {"executed_lines": [305, 306, 307, 310], "summary": {"covered_lines": 4, "num_statements": 5, "percent_covered": 80.0, "percent_covered_display": "80", "missing_lines": 1, "excluded_lines": 0}, "missing_lines": [308], "excluded_lines": []}, "WeylIntegral.__init__": {"executed_lines": [], "summary": {"covered_lines": 0, "num_statements": 6, "percent_covered": 0.0, "percent_covered_display": "0", "missing_lines": 6, "excluded_lines": 0}, "missing_lines": [323, 324, 325, 326, 327, 328], "excluded_lines": []}, "WeylIntegral.compute": {"executed_lines": [], "summary": {"covered_lines": 0, "num_statements": 26, "percent_covered": 0.0, "percent_covered_display": "0", "missing_lines": 26, "excluded_lines": 0}, "missing_lines": [335, 336, 337, 338, 341, 342, 343, 344, 346, 347, 349, 351, 353, 356, 357, 358, 359, 360, 361, 362, 363, 364, 366, 367, 368, 369], "excluded_lines": []}, "riemann_liouville_integral": {"executed_lines": [393, 394], "summary": {"covered_lines": 2, "num_statements": 2, "percent_covered": 100.0, "percent_covered_display": "100", "missing_lines": 0, "excluded_lines": 0}, "missing_lines": [], "excluded_lines": []}, "caputo_integral": {"executed_lines": [417, 418], "summary": {"covered_lines": 2, "num_statements": 2, "percent_covered": 100.0, "percent_covered_display": "100", "missing_lines": 0, "excluded_lines": 0}, "missing_lines": [], "excluded_lines": []}, "optimized_riemann_liouville_integral": {"executed_lines": [440, 442], "summary": {"covered_lines": 2, "num_statements": 2, "percent_covered": 100.0, "percent_covered_display": "100", "missing_lines": 0, "excluded_lines": 0}, "missing_lines": [], "excluded_lines": []}, "optimized_caputo_integral": {"executed_lines": [463, 464], "summary": {"covered_lines": 2, "num_statements": 2, "percent_covered": 100.0, "percent_covered_display": "100", "missing_lines": 0, "excluded_lines": 0}, "missing_lines": [], "excluded_lines": []}, "": {"executed_lines": [1, 8, 9, 10, 12, 13, 16, 17, 34, 72, 136, 143, 182, 214, 243, 244, 254, 285, 313, 314, 320, 330, 373, 397, 422, 445], "summary": {"covered_lines": 22, "num_statements": 22, "percent_covered": 100.0, "percent_covered_display": "100", "missing_lines": 0, "excluded_lines": 0}, "missing_lines": [], "excluded_lines": []}}, "classes": {"RiemannLiouvilleIntegral": {"executed_lines": [50, 51, 53, 54, 56, 57, 58, 59, 62, 63, 64, 67, 70, 91, 92, 95, 97, 98, 102, 103, 106, 107, 108, 111, 114, 115, 117, 119, 120, 123, 124, 127, 128, 129, 130, 131, 132, 138, 139, 141, 153, 157, 158, 159, 160, 162, 165, 168, 169, 172, 175, 178, 180, 192, 193, 196, 197, 200, 201, 202, 205, 207, 210, 212, 225, 228, 229, 232, 236, 238], "summary": {"covered_lines": 70, "num_statements": 74, "percent_covered": 94.5945945945946, "percent_covered_display": "95", "missing_lines": 4, "excluded_lines": 0}, "missing_lines": [99, 134, 233, 240], "excluded_lines": []}, "CaputoIntegral": {"executed_lines": [270, 271, 273, 274, 277, 278, 279, 280, 281, 305, 306, 307, 310], "summary": {"covered_lines": 13, "num_statements": 14, "percent_covered": 92.85714285714286, "percent_covered_display": "93", "missing_lines": 1, "excluded_lines": 0}, "missing_lines": [308], "excluded_lines": []}, "WeylIntegral": {"executed_lines": [], "summary": {"covered_lines": 0, "num_statements": 32, "percent_covered": 0.0, "percent_covered_display": "0", "missing_lines": 32, "excluded_lines": 0}, "missing_lines": [323, 324, 325, 326, 327, 328, 335, 336, 337, 338, 341, 342, 343, 344, 346, 347, 349, 351, 353, 356, 357, 358, 359, 360, 361, 362, 363, 364, 366, 367, 368, 369], "excluded_lines": []}, "": {"executed_lines": [1, 8, 9, 10, 12, 13, 16, 17, 34, 72, 136, 143, 182, 214, 243, 244, 254, 285, 313, 314, 320, 330, 373, 393, 394, 397, 417, 418, 422, 440, 442, 445, 463, 464], "summary": {"covered_lines": 30, "num_statements": 30, "percent_covered": 100.0, "percent_covered_display": "100", "missing_lines": 0, "excluded_lines": 0}, "missing_lines": [], "excluded_lines": []}}}, "hpfracc\\algorithms\\novel_derivatives.py": {"executed_lines": [1, 8, 9, 10, 12, 15, 16, 33, 49, 50, 52, 53, 56, 57, 58, 59, 62, 63, 64, 67, 68, 71, 73, 92, 93, 96, 97, 100, 102, 105, 108, 109, 112, 113, 115, 117, 118, 121, 122, 125, 126, 127, 128, 134, 136, 137, 139, 141, 151, 154, 158, 159, 160, 161, 164, 167, 171, 172, 173, 176, 177, 180, 183, 184, 187, 189, 191, 201, 202, 205, 208, 209, 212, 213, 214, 217, 219, 222, 225, 227, 256, 257, 273, 289, 290, 292, 293, 296, 297, 298, 299, 302, 303, 307, 308, 311, 313, 332, 333, 336, 337, 340, 342, 345, 348, 349, 352, 353, 355, 357, 361, 362, 365, 367, 368, 374, 376, 379, 381, 391, 392, 394, 436, 446, 447, 450, 453, 454, 457, 458, 459, 462, 463, 465, 468, 471, 473, 503, 527, 552, 575], "summary": {"covered_lines": 138, "num_statements": 189, "percent_covered": 73.01587301587301, "percent_covered_display": "73", "missing_lines": 51, "excluded_lines": 0}, "missing_lines": [106, 129, 130, 132, 238, 241, 242, 245, 246, 249, 251, 253, 304, 346, 358, 366, 369, 370, 372, 377, 404, 407, 410, 411, 412, 413, 415, 416, 419, 422, 423, 426, 429, 432, 434, 484, 487, 488, 491, 492, 495, 497, 499, 523, 524, 547, 548, 570, 572, 593, 595], "excluded_lines": [], "functions": {"CaputoFabrizioDerivative.__init__": {"executed_lines": [49, 50, 52, 53, 56, 57, 58, 59, 62, 63, 64, 67, 68, 71], "summary": {"covered_lines": 14, "num_statements": 14, "percent_covered": 100.0, "percent_covered_display": "100", "missing_lines": 0, "excluded_lines": 0}, "missing_lines": [], "excluded_lines": []}, "CaputoFabrizioDerivative.compute": {"executed_lines": [92, 93, 96, 97, 100, 102, 105, 108, 109, 112, 113, 115, 117, 118, 121, 122, 125, 126, 127, 128], "summary": {"covered_lines": 20, "num_statements": 24, "percent_covered": 83.33333333333333, "percent_covered_display": "83", "missing_lines": 4, "excluded_lines": 0}, "missing_lines": [106, 129, 130, 132], "excluded_lines": []}, "CaputoFabrizioDerivative._select_optimal_method": {"executed_lines": [136, 137, 139], "summary": {"covered_lines": 3, "num_statements": 3, "percent_covered": 100.0, "percent_covered_display": "100", "missing_lines": 0, "excluded_lines": 0}, "missing_lines": [], "excluded_lines": []}, "CaputoFabrizioDerivative._compute_fft": {"executed_lines": [151, 154, 158, 159, 160, 161, 164, 167, 171, 172, 173, 176, 177, 180, 183, 184, 187, 189], "summary": {"covered_lines": 18, "num_statements": 18, "percent_covered": 100.0, "percent_covered_display": "100", "missing_lines": 0, "excluded_lines": 0}, "missing_lines": [], "excluded_lines": []}, "CaputoFabrizioDerivative._compute_direct": {"executed_lines": [201, 202, 205, 208, 209, 212, 213, 214, 217, 219, 222, 225], "summary": {"covered_lines": 12, "num_statements": 12, "percent_covered": 100.0, "percent_covered_display": "100", "missing_lines": 0, "excluded_lines": 0}, "missing_lines": [], "excluded_lines": []}, "CaputoFabrizioDerivative._compute_adaptive": {"executed_lines": [], "summary": {"covered_lines": 0, "num_statements": 8, "percent_covered": 0.0, "percent_covered_display": "0", "missing_lines": 8, "excluded_lines": 0}, "missing_lines": [238, 241, 242, 245, 246, 249, 251, 253], "excluded_lines": []}, "AtanganaBaleanuDerivative.__init__": {"executed_lines": [289, 290, 292, 293, 296, 297, 298, 299, 302, 303, 307, 308, 311], "summary": {"covered_lines": 13, "num_statements": 14, "percent_covered": 92.85714285714286, "percent_covered_display": "93", "missing_lines": 1, "excluded_lines": 0}, "missing_lines": [304], "excluded_lines": []}, "AtanganaBaleanuDerivative.compute": {"executed_lines": [332, 333, 336, 337, 340, 342, 345, 348, 349, 352, 353, 355, 357, 361, 362, 365, 367, 368], "summary": {"covered_lines": 18, "num_statements": 24, "percent_covered": 75.0, "percent_covered_display": "75", "missing_lines": 6, "excluded_lines": 0}, "missing_lines": [346, 358, 366, 369, 370, 372], "excluded_lines": []}, "AtanganaBaleanuDerivative._select_optimal_method": {"executed_lines": [376, 379], "summary": {"covered_lines": 2, "num_statements": 3, "percent_covered": 66.66666666666667, "percent_covered_display": "67", "missing_lines": 1, "excluded_lines": 0}, "missing_lines": [377], "excluded_lines": []}, "AtanganaBaleanuDerivative._mittag_leffler_fast": {"executed_lines": [391, 392], "summary": {"covered_lines": 2, "num_statements": 2, "percent_covered": 100.0, "percent_covered_display": "100", "missing_lines": 0, "excluded_lines": 0}, "missing_lines": [], "excluded_lines": []}, "AtanganaBaleanuDerivative._compute_fft": {"executed_lines": [], "summary": {"covered_lines": 0, "num_statements": 15, "percent_covered": 0.0, "percent_covered_display": "0", "missing_lines": 15, "excluded_lines": 0}, "missing_lines": [404, 407, 410, 411, 412, 413, 415, 416, 419, 422, 423, 426, 429, 432, 434], "excluded_lines": []}, "AtanganaBaleanuDerivative._compute_direct": {"executed_lines": [446, 447, 450, 453, 454, 457, 458, 459, 462, 463, 465, 468, 471], "summary": {"covered_lines": 13, "num_statements": 13, "percent_covered": 100.0, "percent_covered_display": "100", "missing_lines": 0, "excluded_lines": 0}, "missing_lines": [], "excluded_lines": []}, "AtanganaBaleanuDerivative._compute_adaptive": {"executed_lines": [], "summary": {"covered_lines": 0, "num_statements": 8, "percent_covered": 0.0, "percent_covered_display": "0", "missing_lines": 8, "excluded_lines": 0}, "missing_lines": [484, 487, 488, 491, 492, 495, 497, 499], "excluded_lines": []}, "caputo_fabrizio_derivative": {"executed_lines": [], "summary": {"covered_lines": 0, "num_statements": 2, "percent_covered": 0.0, "percent_covered_display": "0", "missing_lines": 2, "excluded_lines": 0}, "missing_lines": [523, 524], "excluded_lines": []}, "atangana_baleanu_derivative": {"executed_lines": [], "summary": {"covered_lines": 0, "num_statements": 2, "percent_covered": 0.0, "percent_covered_display": "0", "missing_lines": 2, "excluded_lines": 0}, "missing_lines": [547, 548], "excluded_lines": []}, "optimized_caputo_fabrizio_derivative": {"executed_lines": [], "summary": {"covered_lines": 0, "num_statements": 2, "percent_covered": 0.0, "percent_covered_display": "0", "missing_lines": 2, "excluded_lines": 0}, "missing_lines": [570, 572], "excluded_lines": []}, "optimized_atangana_baleanu_derivative": {"executed_lines": [], "summary": {"covered_lines": 0, "num_statements": 2, "percent_covered": 0.0, "percent_covered_display": "0", "missing_lines": 2, "excluded_lines": 0}, "missing_lines": [593, 595], "excluded_lines": []}, "": {"executed_lines": [1, 8, 9, 10, 12, 15, 16, 33, 73, 134, 141, 191, 227, 256, 257, 273, 313, 374, 381, 394, 436, 473, 503, 527, 552, 575], "summary": {"covered_lines": 23, "num_statements": 23, "percent_covered": 100.0, "percent_covered_display": "100", "missing_lines": 0, "excluded_lines": 0}, "missing_lines": [], "excluded_lines": []}}, "classes": {"CaputoFabrizioDerivative": {"executed_lines": [49, 50, 52, 53, 56, 57, 58, 59, 62, 63, 64, 67, 68, 71, 92, 93, 96, 97, 100, 102, 105, 108, 109, 112, 113, 115, 117, 118, 121, 122, 125, 126, 127, 128, 136, 137, 139, 151, 154, 158, 159, 160, 161, 164, 167, 171, 172, 173, 176, 177, 180, 183, 184, 187, 189, 201, 202, 205, 208, 209, 212, 213, 214, 217, 219, 222, 225], "summary": {"covered_lines": 67, "num_statements": 79, "percent_covered": 84.81012658227849, "percent_covered_display": "85", "missing_lines": 12, "excluded_lines": 0}, "missing_lines": [106, 129, 130, 132, 238, 241, 242, 245, 246, 249, 251, 253], "excluded_lines": []}, "AtanganaBaleanuDerivative": {"executed_lines": [289, 290, 292, 293, 296, 297, 298, 299, 302, 303, 307, 308, 311, 332, 333, 336, 337, 340, 342, 345, 348, 349, 352, 353, 355, 357, 361, 362, 365, 367, 368, 376, 379, 391, 392, 446, 447, 450, 453, 454, 457, 458, 459, 462, 463, 465, 468, 471], "summary": {"covered_lines": 48, "num_statements": 79, "percent_covered": 60.75949367088607, "percent_covered_display": "61", "missing_lines": 31, "excluded_lines": 0}, "missing_lines": [304, 346, 358, 366, 369, 370, 372, 377, 404, 407, 410, 411, 412, 413, 415, 416, 419, 422, 423, 426, 429, 432, 434, 484, 487, 488, 491, 492, 495, 497, 499], "excluded_lines": []}, "": {"executed_lines": [1, 8, 9, 10, 12, 15, 16, 33, 73, 134, 141, 191, 227, 256, 257, 273, 313, 374, 381, 394, 436, 473, 503, 527, 552, 575], "summary": {"covered_lines": 23, "num_statements": 31, "percent_covered": 74.19354838709677, "percent_covered_display": "74", "missing_lines": 8, "excluded_lines": 0}, "missing_lines": [523, 524, 547, 548, 570, 572, 593, 595], "excluded_lines": []}}}, "hpfracc\\algorithms\\optimized_methods.py": {"executed_lines": [1, 7, 8, 9, 10, 11, 12, 15, 16, 17, 18, 19, 20, 22, 28, 31, 33, 35, 38, 39, 42, 45, 48, 51, 52, 54, 60, 61, 63, 64, 65, 67, 68, 69, 71, 72, 73, 74, 75, 76, 77, 79, 80, 81, 82, 83, 84, 87, 88, 89, 90, 92, 98, 100, 101, 102, 105, 107, 108, 109, 112, 113, 114, 115, 117, 122, 130, 139, 156, 177, 178, 179, 180, 182, 184, 188, 190, 191, 192, 194, 195, 197, 198, 200, 201, 203, 205, 208, 209, 210, 212, 214, 223, 226, 229, 230, 231, 232, 234, 235, 237, 238, 244, 245, 246, 248, 250, 251, 254, 256, 257, 258, 259, 260, 262, 264, 265, 266, 267, 268, 271, 272, 276, 277, 279, 282, 284, 287, 288, 292, 293, 294, 296, 297, 298, 300, 301, 303, 304, 305, 306, 307, 309, 310, 312, 314, 317, 318, 319, 320, 322, 330, 331, 333, 337, 338, 346, 347, 348, 351, 352, 354, 355, 357, 366, 367, 376, 379, 380, 389, 392, 393, 402, 405, 406, 416, 419, 420, 430, 433, 434, 443, 448, 449, 452, 453, 456, 457, 462, 463, 472, 475, 476, 483, 484, 485, 488, 489, 500, 501, 503, 517, 518, 522, 523, 526, 530, 533, 535, 538, 539, 548, 551, 552, 561, 564, 568, 572], "summary": {"covered_lines": 203, "num_statements": 256, "percent_covered": 79.296875, "percent_covered_display": "79", "missing_lines": 53, "excluded_lines": 2}, "missing_lines": [23, 24, 25, 26, 123, 124, 125, 126, 127, 131, 132, 133, 134, 135, 136, 140, 141, 143, 144, 145, 148, 149, 150, 151, 153, 157, 158, 159, 162, 163, 164, 167, 168, 169, 171, 185, 206, 215, 217, 218, 221, 241, 280, 315, 323, 325, 326, 328, 334, 358, 565, 569, 573], "excluded_lines": [224, 227], "functions": {"_jnp_gradient_edge_order_2": {"executed_lines": [38, 39, 42, 45, 48, 51, 52, 54], "summary": {"covered_lines": 8, "num_statements": 8, "percent_covered": 100.0, "percent_covered_display": "100", "missing_lines": 0, "excluded_lines": 0}, "missing_lines": [], "excluded_lines": []}, "_fast_binomial_coefficients_jax": {"executed_lines": [63, 67, 68, 69], "summary": {"covered_lines": 4, "num_statements": 4, "percent_covered": 100.0, "percent_covered_display": "100", "missing_lines": 0, "excluded_lines": 0}, "missing_lines": [], "excluded_lines": []}, "_fast_binomial_coefficients_jax.body_fun": {"executed_lines": [64, 65], "summary": {"covered_lines": 2, "num_statements": 2, "percent_covered": 100.0, "percent_covered_display": "100", "missing_lines": 0, "excluded_lines": 0}, "missing_lines": [], "excluded_lines": []}, "_grunwald_letnikov_jax": {"executed_lines": [72, 73, 74, 75, 76, 77], "summary": {"covered_lines": 6, "num_statements": 6, "percent_covered": 100.0, "percent_covered_display": "100", "missing_lines": 0, "excluded_lines": 0}, "missing_lines": [], "excluded_lines": []}, "_riemann_liouville_jax": {"executed_lines": [80, 81, 82, 83, 84, 87, 92, 98], "summary": {"covered_lines": 8, "num_statements": 8, "percent_covered": 100.0, "percent_covered_display": "100", "missing_lines": 0, "excluded_lines": 0}, "missing_lines": [], "excluded_lines": []}, "_riemann_liouville_jax.apply_gradients": {"executed_lines": [88, 90], "summary": {"covered_lines": 2, "num_statements": 2, "percent_covered": 100.0, "percent_covered_display": "100", "missing_lines": 0, "excluded_lines": 0}, "missing_lines": [], "excluded_lines": []}, "_riemann_liouville_jax.apply_gradients.grad_body": {"executed_lines": [89], "summary": {"covered_lines": 1, "num_statements": 1, "percent_covered": 100.0, "percent_covered_display": "100", "missing_lines": 0, "excluded_lines": 0}, "missing_lines": [], "excluded_lines": []}, "_caputo_jax": {"executed_lines": [101, 102, 105, 107, 109, 112, 113, 114, 115, 117], "summary": {"covered_lines": 10, "num_statements": 10, "percent_covered": 100.0, "percent_covered_display": "100", "missing_lines": 0, "excluded_lines": 0}, "missing_lines": [], "excluded_lines": []}, "_caputo_jax.deriv_body": {"executed_lines": [108], "summary": {"covered_lines": 1, "num_statements": 1, "percent_covered": 100.0, "percent_covered_display": "100", "missing_lines": 0, "excluded_lines": 0}, "missing_lines": [], "excluded_lines": []}, "_fast_binomial_coefficients_numpy": {"executed_lines": [], "summary": {"covered_lines": 0, "num_statements": 5, "percent_covered": 0.0, "percent_covered_display": "0", "missing_lines": 5, "excluded_lines": 0}, "missing_lines": [123, 124, 125, 126, 127], "excluded_lines": []}, "_grunwald_letnikov_numpy": {"executed_lines": [], "summary": {"covered_lines": 0, "num_statements": 6, "percent_covered": 0.0, "percent_covered_display": "0", "missing_lines": 6, "excluded_lines": 0}, "missing_lines": [131, 132, 133, 134, 135, 136], "excluded_lines": []}, "_riemann_liouville_numpy": {"executed_lines": [], "summary": {"covered_lines": 0, "num_statements": 10, "percent_covered": 0.0, "percent_covered_display": "0", "missing_lines": 10, "excluded_lines": 0}, "missing_lines": [140, 141, 143, 144, 145, 148, 149, 150, 151, 153], "excluded_lines": []}, "_caputo_numpy": {"executed_lines": [], "summary": {"covered_lines": 0, "num_statements": 10, "percent_covered": 0.0, "percent_covered_display": "0", "missing_lines": 10, "excluded_lines": 0}, "missing_lines": [157, 158, 159, 162, 163, 164, 167, 168, 169, 171], "excluded_lines": []}, "FractionalOperator.__init__": {"executed_lines": [179, 180, 182, 184, 188], "summary": {"covered_lines": 5, "num_statements": 6, "percent_covered": 83.33333333333333, "percent_covered_display": "83", "missing_lines": 1, "excluded_lines": 0}, "missing_lines": [185], "excluded_lines": []}, "FractionalOperator.compute": {"executed_lines": [191, 192, 194, 195, 197, 198, 200, 201, 203, 205, 208, 209, 210, 212, 214], "summary": {"covered_lines": 15, "num_statements": 20, "percent_covered": 75.0, "percent_covered_display": "75", "missing_lines": 5, "excluded_lines": 0}, "missing_lines": [206, 215, 217, 218, 221], "excluded_lines": []}, "FractionalOperator._get_jax_kernel": {"executed_lines": [], "summary": {"covered_lines": 0, "num_statements": 0, "percent_covered": 100.0, "percent_covered_display": "100", "missing_lines": 0, "excluded_lines": 1}, "missing_lines": [], "excluded_lines": [224]}, "FractionalOperator._numpy_kernel": {"executed_lines": [], "summary": {"covered_lines": 0, "num_statements": 0, "percent_covered": 100.0, "percent_covered_display": "100", "missing_lines": 0, "excluded_lines": 1}, "missing_lines": [], "excluded_lines": [227]}, "FractionalOperator._get_t_array": {"executed_lines": [230, 231, 232, 234, 235, 237, 238], "summary": {"covered_lines": 7, "num_statements": 8, "percent_covered": 87.5, "percent_covered_display": "88", "missing_lines": 1, "excluded_lines": 0}, "missing_lines": [241], "excluded_lines": []}, "FractionalOperator._prepare_f": {"executed_lines": [245, 246, 248, 250, 251, 254], "summary": {"covered_lines": 6, "num_statements": 6, "percent_covered": 100.0, "percent_covered_display": "100", "missing_lines": 0, "excluded_lines": 0}, "missing_lines": [], "excluded_lines": []}, "FractionalOperator._get_step_size": {"executed_lines": [257, 258, 259, 260, 262], "summary": {"covered_lines": 5, "num_statements": 5, "percent_covered": 100.0, "percent_covered_display": "100", "missing_lines": 0, "excluded_lines": 0}, "missing_lines": [], "excluded_lines": []}, "FractionalOperator._compute_jit": {"executed_lines": [266, 267, 268], "summary": {"covered_lines": 3, "num_statements": 3, "percent_covered": 100.0, "percent_covered_display": "100", "missing_lines": 0, "excluded_lines": 0}, "missing_lines": [], "excluded_lines": []}, "OptimizedGrunwaldLetnikov._get_jax_kernel": {"executed_lines": [277], "summary": {"covered_lines": 1, "num_statements": 1, "percent_covered": 100.0, "percent_covered_display": "100", "missing_lines": 0, "excluded_lines": 0}, "missing_lines": [], "excluded_lines": []}, "OptimizedGrunwaldLetnikov._numpy_kernel": {"executed_lines": [], "summary": {"covered_lines": 0, "num_statements": 1, "percent_covered": 0.0, "percent_covered_display": "0", "missing_lines": 1, "excluded_lines": 0}, "missing_lines": [280], "excluded_lines": []}, "OptimizedGrunwaldLetnikov.compute": {"executed_lines": [284], "summary": {"covered_lines": 1, "num_statements": 1, "percent_covered": 100.0, "percent_covered_display": "100", "missing_lines": 0, "excluded_lines": 0}, "missing_lines": [], "excluded_lines": []}, "OptimizedRiemannLiouville.__init__": {"executed_lines": [293, 294], "summary": {"covered_lines": 2, "num_statements": 2, "percent_covered": 100.0, "percent_covered_display": "100", "missing_lines": 0, "excluded_lines": 0}, "missing_lines": [], "excluded_lines": []}, "OptimizedRiemannLiouville.compute": {"executed_lines": [297, 298, 300, 301, 303, 304, 305, 306, 307, 309, 310, 312, 314, 317, 318, 319, 320, 322], "summary": {"covered_lines": 18, "num_statements": 23, "percent_covered": 78.26086956521739, "percent_covered_display": "78", "missing_lines": 5, "excluded_lines": 0}, "missing_lines": [315, 323, 325, 326, 328], "excluded_lines": []}, "OptimizedRiemannLiouville._get_jax_kernel": {"executed_lines": [331], "summary": {"covered_lines": 1, "num_statements": 1, "percent_covered": 100.0, "percent_covered_display": "100", "missing_lines": 0, "excluded_lines": 0}, "missing_lines": [], "excluded_lines": []}, "OptimizedRiemannLiouville._numpy_kernel": {"executed_lines": [], "summary": {"covered_lines": 0, "num_statements": 1, "percent_covered": 0.0, "percent_covered_display": "0", "missing_lines": 1, "excluded_lines": 0}, "missing_lines": [334], "excluded_lines": []}, "OptimizedCaputo.__init__": {"executed_lines": [347, 348], "summary": {"covered_lines": 2, "num_statements": 2, "percent_covered": 100.0, "percent_covered_display": "100", "missing_lines": 0, "excluded_lines": 0}, "missing_lines": [], "excluded_lines": []}, "OptimizedCaputo.compute": {"executed_lines": [352], "summary": {"covered_lines": 1, "num_statements": 1, "percent_covered": 100.0, "percent_covered_display": "100", "missing_lines": 0, "excluded_lines": 0}, "missing_lines": [], "excluded_lines": []}, "OptimizedCaputo._get_jax_kernel": {"executed_lines": [355], "summary": {"covered_lines": 1, "num_statements": 1, "percent_covered": 100.0, "percent_covered_display": "100", "missing_lines": 0, "excluded_lines": 0}, "missing_lines": [], "excluded_lines": []}, "OptimizedCaputo._numpy_kernel": {"executed_lines": [], "summary": {"covered_lines": 0, "num_statements": 1, "percent_covered": 0.0, "percent_covered_display": "0", "missing_lines": 1, "excluded_lines": 0}, "missing_lines": [358], "excluded_lines": []}, "optimized_riemann_liouville": {"executed_lines": [449], "summary": {"covered_lines": 1, "num_statements": 1, "percent_covered": 100.0, "percent_covered_display": "100", "missing_lines": 0, "excluded_lines": 0}, "missing_lines": [], "excluded_lines": []}, "optimized_caputo": {"executed_lines": [453], "summary": {"covered_lines": 1, "num_statements": 1, "percent_covered": 100.0, "percent_covered_display": "100", "missing_lines": 0, "excluded_lines": 0}, "missing_lines": [], "excluded_lines": []}, "optimized_grunwald_letnikov": {"executed_lines": [457], "summary": {"covered_lines": 1, "num_statements": 1, "percent_covered": 100.0, "percent_covered_display": "100", "missing_lines": 0, "excluded_lines": 0}, "missing_lines": [], "excluded_lines": []}, "ParallelConfig.__init__": {"executed_lines": [484, 485], "summary": {"covered_lines": 2, "num_statements": 2, "percent_covered": 100.0, "percent_covered_display": "100", "missing_lines": 0, "excluded_lines": 0}, "missing_lines": [], "excluded_lines": []}, "AdvancedFFTMethods.__init__": {"executed_lines": [501], "summary": {"covered_lines": 1, "num_statements": 1, "percent_covered": 100.0, "percent_covered_display": "100", "missing_lines": 0, "excluded_lines": 0}, "missing_lines": [], "excluded_lines": []}, "AdvancedFFTMethods.compute_derivative": {"executed_lines": [517, 518, 522, 523, 526, 530, 533, 535], "summary": {"covered_lines": 8, "num_statements": 8, "percent_covered": 100.0, "percent_covered_display": "100", "missing_lines": 0, "excluded_lines": 0}, "missing_lines": [], "excluded_lines": []}, "parallel_optimized_riemann_liouville": {"executed_lines": [], "summary": {"covered_lines": 0, "num_statements": 1, "percent_covered": 0.0, "percent_covered_display": "0", "missing_lines": 1, "excluded_lines": 0}, "missing_lines": [565], "excluded_lines": []}, "parallel_optimized_caputo": {"executed_lines": [], "summary": {"covered_lines": 0, "num_statements": 1, "percent_covered": 0.0, "percent_covered_display": "0", "missing_lines": 1, "excluded_lines": 0}, "missing_lines": [569], "excluded_lines": []}, "parallel_optimized_grunwald_letnikov": {"executed_lines": [], "summary": {"covered_lines": 0, "num_statements": 1, "percent_covered": 0.0, "percent_covered_display": "0", "missing_lines": 1, "excluded_lines": 0}, "missing_lines": [573], "excluded_lines": []}, "": {"executed_lines": [1, 7, 8, 9, 10, 11, 12, 15, 16, 17, 18, 19, 20, 22, 28, 31, 33, 35, 60, 61, 71, 79, 100, 122, 130, 139, 156, 177, 178, 190, 223, 226, 229, 244, 256, 264, 265, 271, 272, 276, 279, 282, 287, 288, 292, 296, 330, 333, 337, 338, 346, 351, 354, 357, 366, 367, 376, 379, 380, 389, 392, 393, 402, 405, 406, 416, 419, 420, 430, 433, 434, 443, 448, 452, 456, 462, 463, 472, 475, 476, 483, 488, 489, 500, 503, 538, 539, 548, 551, 552, 561, 564, 568, 572], "summary": {"covered_lines": 79, "num_statements": 83, "percent_covered": 95.18072289156626, "percent_covered_display": "95", "missing_lines": 4, "excluded_lines": 0}, "missing_lines": [23, 24, 25, 26], "excluded_lines": []}}, "classes": {"FractionalOperator": {"executed_lines": [179, 180, 182, 184, 188, 191, 192, 194, 195, 197, 198, 200, 201, 203, 205, 208, 209, 210, 212, 214, 230, 231, 232, 234, 235, 237, 238, 245, 246, 248, 250, 251, 254, 257, 258, 259, 260, 262, 266, 267, 268], "summary": {"covered_lines": 41, "num_statements": 48, "percent_covered": 85.41666666666667, "percent_covered_display": "85", "missing_lines": 7, "excluded_lines": 2}, "missing_lines": [185, 206, 215, 217, 218, 221, 241], "excluded_lines": [224, 227]}, "OptimizedGrunwaldLetnikov": {"executed_lines": [277, 284], "summary": {"covered_lines": 2, "num_statements": 3, "percent_covered": 66.66666666666667, "percent_covered_display": "67", "missing_lines": 1, "excluded_lines": 0}, "missing_lines": [280], "excluded_lines": []}, "OptimizedRiemannLiouville": {"executed_lines": [293, 294, 297, 298, 300, 301, 303, 304, 305, 306, 307, 309, 310, 312, 314, 317, 318, 319, 320, 322, 331], "summary": {"covered_lines": 21, "num_statements": 27, "percent_covered": 77.77777777777777, "percent_covered_display": "78", "missing_lines": 6, "excluded_lines": 0}, "missing_lines": [315, 323, 325, 326, 328, 334], "excluded_lines": []}, "OptimizedCaputo": {"executed_lines": [347, 348, 352, 355], "summary": {"covered_lines": 4, "num_statements": 5, "percent_covered": 80.0, "percent_covered_display": "80", "missing_lines": 1, "excluded_lines": 0}, "missing_lines": [358], "excluded_lines": []}, "ParallelOptimizedRiemannLiouville": {"executed_lines": [], "summary": {"covered_lines": 0, "num_statements": 0, "percent_covered": 100.0, "percent_covered_display": "100", "missing_lines": 0, "excluded_lines": 0}, "missing_lines": [], "excluded_lines": []}, "ParallelOptimizedCaputo": {"executed_lines": [], "summary": {"covered_lines": 0, "num_statements": 0, "percent_covered": 100.0, "percent_covered_display": "100", "missing_lines": 0, "excluded_lines": 0}, "missing_lines": [], "excluded_lines": []}, "ParallelOptimizedGrunwaldLetnikov": {"executed_lines": [], "summary": {"covered_lines": 0, "num_statements": 0, "percent_covered": 100.0, "percent_covered_display": "100", "missing_lines": 0, "excluded_lines": 0}, "missing_lines": [], "excluded_lines": []}, "ParallelPerformanceMonitor": {"executed_lines": [], "summary": {"covered_lines": 0, "num_statements": 0, "percent_covered": 100.0, "percent_covered_display": "100", "missing_lines": 0, "excluded_lines": 0}, "missing_lines": [], "excluded_lines": []}, "NumbaOptimizer": {"executed_lines": [], "summary": {"covered_lines": 0, "num_statements": 0, "percent_covered": 100.0, "percent_covered_display": "100", "missing_lines": 0, "excluded_lines": 0}, "missing_lines": [], "excluded_lines": []}, "NumbaFractionalKernels": {"executed_lines": [], "summary": {"covered_lines": 0, "num_statements": 0, "percent_covered": 100.0, "percent_covered_display": "100", "missing_lines": 0, "excluded_lines": 0}, "missing_lines": [], "excluded_lines": []}, "OptimizedFractionalMethods": {"executed_lines": [], "summary": {"covered_lines": 0, "num_statements": 0, "percent_covered": 100.0, "percent_covered_display": "100", "missing_lines": 0, "excluded_lines": 0}, "missing_lines": [], "excluded_lines": []}, "ParallelConfig": {"executed_lines": [484, 485], "summary": {"covered_lines": 2, "num_statements": 2, "percent_covered": 100.0, "percent_covered_display": "100", "missing_lines": 0, "excluded_lines": 0}, "missing_lines": [], "excluded_lines": []}, "AdvancedFFTMethods": {"executed_lines": [501, 517, 518, 522, 523, 526, 530, 533, 535], "summary": {"covered_lines": 9, "num_statements": 9, "percent_covered": 100.0, "percent_covered_display": "100", "missing_lines": 0, "excluded_lines": 0}, "missing_lines": [], "excluded_lines": []}, "L1L2Schemes": {"executed_lines": [], "summary": {"covered_lines": 0, "num_statements": 0, "percent_covered": 100.0, "percent_covered_display": "100", "missing_lines": 0, "excluded_lines": 0}, "missing_lines": [], "excluded_lines": []}, "ParallelLoadBalancer": {"executed_lines": [], "summary": {"covered_lines": 0, "num_statements": 0, "percent_covered": 100.0, "percent_covered_display": "100", "missing_lines": 0, "excluded_lines": 0}, "missing_lines": [], "excluded_lines": []}, "": {"executed_lines": [1, 7, 8, 9, 10, 11, 12, 15, 16, 17, 18, 19, 20, 22, 28, 31, 33, 35, 38, 39, 42, 45, 48, 51, 52, 54, 60, 61, 63, 64, 65, 67, 68, 69, 71, 72, 73, 74, 75, 76, 77, 79, 80, 81, 82, 83, 84, 87, 88, 89, 90, 92, 98, 100, 101, 102, 105, 107, 108, 109, 112, 113, 114, 115, 117, 122, 130, 139, 156, 177, 178, 190, 223, 226, 229, 244, 256, 264, 265, 271, 272, 276, 279, 282, 287, 288, 292, 296, 330, 333, 337, 338, 346, 351, 354, 357, 366, 367, 376, 379, 380, 389, 392, 393, 402, 405, 406, 416, 419, 420, 430, 433, 434, 443, 448, 449, 452, 453, 456, 457, 462, 463, 472, 475, 476, 483, 488, 489, 500, 503, 538, 539, 548, 551, 552, 561, 564, 568, 572], "summary": {"covered_lines": 124, "num_statements": 162, "percent_covered": 76.54320987654322, "percent_covered_display": "77", "missing_lines": 38, "excluded_lines": 0}, "missing_lines": [23, 24, 25, 26, 123, 124, 125, 126, 127, 131, 132, 133, 134, 135, 136, 140, 141, 143, 144, 145, 148, 149, 150, 151, 153, 157, 158, 159, 162, 163, 164, 167, 168, 169, 171, 565, 569, 573], "excluded_lines": []}}}, "hpfracc\\algorithms\\special_methods.py": {"executed_lines": [1, 14, 15, 16, 17, 18, 19, 20, 22, 25, 26, 36, 37, 47, 56, 57, 59, 61, 62, 63, 66, 68, 69, 70, 71, 72, 75, 77, 97, 98, 100, 101, 102, 108, 110, 111, 112, 117, 118, 119, 121, 122, 124, 125, 126, 127, 128, 129, 131, 133, 139, 141, 145, 146, 149, 152, 153, 154, 155, 158, 161, 164, 165, 168, 171, 173, 175, 181, 182, 185, 187, 188, 189, 190, 191, 193, 195, 197, 208, 212, 222, 223, 224, 228, 231, 233, 239, 240, 243, 246, 247, 248, 249, 250, 251, 252, 253, 255, 257, 259, 261, 262, 264, 265, 267, 270, 271, 282, 284, 285, 287, 289, 290, 293, 295, 315, 316, 318, 319, 320, 326, 328, 329, 330, 335, 336, 337, 339, 344, 345, 346, 348, 350, 351, 352, 353, 354, 355, 357, 359, 372, 373, 375, 378, 381, 384, 386, 393, 396, 398, 400, 401, 403, 406, 407, 408, 411, 416, 418, 425, 428, 429, 432, 433, 437, 438, 439, 442, 443, 446, 447, 448, 449, 452, 453, 456, 457, 460, 461, 463, 465, 468, 471, 474, 475, 478, 479, 480, 482, 484, 494, 496, 497, 499, 541, 547, 548, 550, 551, 552, 554, 556, 559, 560, 563, 570, 572, 578, 579, 582, 583, 587, 591, 595, 599, 604, 606, 607, 608, 625, 628, 629, 639, 641, 642, 646, 647, 649, 666, 667, 668, 669, 671, 673, 679, 680, 681, 683, 685, 687, 688, 689, 690, 691, 693, 694, 696, 698, 704, 708, 711, 712, 715, 716, 717, 721, 724, 725, 726, 727, 728, 729, 732, 734, 737, 739, 758, 759, 765, 773, 775, 776, 779, 780, 782, 783, 784, 786, 788, 814, 815, 828, 830, 831, 833, 835, 838, 842, 861, 862, 865, 866, 867, 869, 870, 871, 876, 877, 881, 882, 883, 885, 886, 887, 888, 889, 890, 892, 894, 901, 902, 904, 906, 908, 909, 911, 913, 920, 921, 923, 926, 927, 928, 929, 930, 931, 939, 941, 948, 949, 952, 953, 956, 959, 961, 963, 965, 966, 967, 969, 971, 990, 991, 992, 993, 995, 997, 1004, 1005, 1007, 1009, 1011, 1012, 1014, 1016, 1023, 1027, 1030, 1031, 1032, 1035, 1038, 1040, 1044, 1052, 1053, 1056, 1064, 1065, 1068, 1075, 1076, 1079, 1087, 1088, 1095, 1096, 1098, 1106, 1107, 1110, 1111, 1119, 1121, 1122, 1126, 1127, 1130, 1133, 1135, 1138,
[...]
ical": {"executed_lines": [371, 373, 374, 375, 377, 378, 380, 383, 386, 388, 399, 400, 411, 413, 414, 415, 417, 426, 436, 437, 438, 440, 441, 448], "summary": {"covered_lines": 24, "num_statements": 24, "percent_covered": 100.0, "percent_covered_display": "100", "missing_lines": 0, "excluded_lines": 0}, "missing_lines": [], "excluded_lines": []}, "": {"executed_lines": [1, 9, 10, 11, 14, 15, 17, 20, 57, 86, 135, 158, 166, 171, 183, 184, 186, 190, 198, 206, 217, 218, 220, 224, 233, 241, 251, 252, 254, 258, 266, 273, 309, 351], "summary": {"covered_lines": 29, "num_statements": 29, "percent_covered": 100.0, "percent_covered_display": "100", "missing_lines": 0, "excluded_lines": 0}, "missing_lines": [], "excluded_lines": []}}, "classes": {"AnalyticalSolutions": {"executed_lines": [37, 38, 40, 41, 44, 45, 47, 48, 49, 51, 54, 55, 74, 75, 77, 78, 80, 81, 84, 102, 108, 109, 111, 112, 113, 114, 115, 119, 120, 121, 122, 123, 126, 128, 129, 130, 131, 133, 147, 148, 150, 154], "summary": {"covered_lines": 42, "num_statements": 48, "percent_covered": 87.5, "percent_covered_display": "88", "missing_lines": 6, "excluded_lines": 0}, "missing_lines": [103, 104, 105, 106, 117, 151], "excluded_lines": []}, "PowerFunctionSolutions": {"executed_lines": [188, 196, 204, 208], "summary": {"covered_lines": 4, "num_statements": 4, "percent_covered": 100.0, "percent_covered_display": "100", "missing_lines": 0, "excluded_lines": 0}, "missing_lines": [], "excluded_lines": []}, "ExponentialSolutions": {"executed_lines": [222, 231, 239, 243], "summary": {"covered_lines": 4, "num_statements": 4, "percent_covered": 100.0, "percent_covered_display": "100", "missing_lines": 0, "excluded_lines": 0}, "missing_lines": [], "excluded_lines": []}, "TrigonometricSolutions": {"executed_lines": [256, 262, 270, 275], "summary": {"covered_lines": 4, "num_statements": 4, "percent_covered": 100.0, "percent_covered_display": "100", "missing_lines": 0, "excluded_lines": 0}, "missing_lines": [], "excluded_lines": []}, "": {"executed_lines": [1, 9, 10, 11, 14, 15, 17, 20, 57, 86, 135, 158, 159, 160, 162, 163, 166, 167, 168, 171, 174, 175, 177, 178, 179, 180, 183, 184, 186, 190, 198, 206, 217, 218, 220, 224, 233, 241, 251, 252, 254, 258, 266, 273, 309, 324, 326, 327, 328, 329, 331, 332, 333, 334, 336, 337, 338, 339, 340, 342, 343, 344, 345, 348, 351, 371, 373, 374, 375, 377, 378, 380, 383, 386, 388, 399, 400, 411, 413, 414, 415, 417, 426, 436, 437, 438, 440, 441, 448], "summary": {"covered_lines": 84, "num_statements": 84, "percent_covered": 100.0, "percent_covered_display": "100", "missing_lines": 0, "excluded_lines": 0}, "missing_lines": [], "excluded_lines": []}}}, "hpfracc\\validation\\benchmarks.py": {"executed_lines": [1, 8, 9, 10, 11, 12, 13, 14, 17, 18, 20, 21, 22, 23, 26, 27, 28, 30, 31, 32, 33, 34, 35, 36, 37, 40, 41, 43, 50, 52, 63, 65, 80, 81, 82, 83, 84, 87, 88, 91, 92, 93, 95, 96, 97, 98, 99, 100, 101, 102, 103, 104, 107, 108, 110, 120, 133, 135, 136, 137, 139, 142, 143, 145, 152, 154, 167, 169, 188, 190, 192, 194, 197, 200, 203, 211, 212, 220, 234, 236, 237, 239, 241, 244, 245, 247, 255, 256, 257, 258, 259, 261, 269, 271, 282, 286, 287, 289, 290, 292, 296, 315, 323, 324, 328, 329, 330, 331, 334, 335, 337, 340, 343, 344, 345, 354, 356, 358, 360, 374, 375, 376, 377, 378, 379, 382, 383, 386, 435, 440, 443, 462, 463, 465, 466, 468, 469, 474, 488, 491, 492, 495, 497, 501, 504, 517, 518, 519, 520, 521, 524, 525, 526, 528, 531, 532, 533, 534, 537, 538, 539, 542, 545, 550, 551, 559, 561, 564, 572], "summary": {"covered_lines": 163, "num_statements": 187, "percent_covered": 87.16577540106952, "percent_covered_display": "87", "missing_lines": 24, "excluded_lines": 0}, "missing_lines": [283, 288, 388, 390, 394, 395, 396, 397, 398, 400, 401, 403, 406, 407, 409, 464, 552, 555, 565, 566, 567, 568, 569, 570], "excluded_lines": [], "functions": {"PerformanceBenchmark.__init__": {"executed_lines": [50], "summary": {"covered_lines": 1, "num_statements": 1, "percent_covered": 100.0, "percent_covered_display": "100", "missing_lines": 0, "excluded_lines": 0}, "missing_lines": [], "excluded_lines": []}, "PerformanceBenchmark.benchmark_function": {"executed_lines": [63], "summary": {"covered_lines": 1, "num_statements": 1, "percent_covered": 100.0, "percent_covered_display": "100", "missing_lines": 0, "excluded_lines": 0}, "missing_lines": [], "excluded_lines": []}, "PerformanceBenchmark.benchmark_method": {"executed_lines": [80, 81, 82, 83, 84, 87, 88, 91, 92, 93, 95, 96, 97, 98, 99, 100, 101, 102, 103, 104, 107, 108, 110], "summary": {"covered_lines": 23, "num_statements": 23, "percent_covered": 100.0, "percent_covered_display": "100", "missing_lines": 0, "excluded_lines": 0}, "missing_lines": [], "excluded_lines": []}, "PerformanceBenchmark.benchmark_multiple_methods": {"executed_lines": [133, 135, 136, 137, 139], "summary": {"covered_lines": 5, "num_statements": 5, "percent_covered": 100.0, "percent_covered_display": "100", "missing_lines": 0, "excluded_lines": 0}, "missing_lines": [], "excluded_lines": []}, "AccuracyBenchmark.__init__": {"executed_lines": [152], "summary": {"covered_lines": 1, "num_statements": 1, "percent_covered": 100.0, "percent_covered_display": "100", "missing_lines": 0, "excluded_lines": 0}, "missing_lines": [], "excluded_lines": []}, "AccuracyBenchmark.benchmark_accuracy": {"executed_lines": [167], "summary": {"covered_lines": 1, "num_statements": 1, "percent_covered": 100.0, "percent_covered_display": "100", "missing_lines": 0, "excluded_lines": 0}, "missing_lines": [], "excluded_lines": []}, "AccuracyBenchmark.benchmark_method": {"executed_lines": [188, 190, 192, 194, 197, 200, 203, 211, 212], "summary": {"covered_lines": 9, "num_statements": 9, "percent_covered": 100.0, "percent_covered_display": "100", "missing_lines": 0, "excluded_lines": 0}, "missing_lines": [], "excluded_lines": []}, "AccuracyBenchmark.benchmark_multiple_methods": {"executed_lines": [234, 236, 237, 239, 241], "summary": {"covered_lines": 5, "num_statements": 5, "percent_covered": 100.0, "percent_covered_display": "100", "missing_lines": 0, "excluded_lines": 0}, "missing_lines": [], "excluded_lines": []}, "BenchmarkSuite.__init__": {"executed_lines": [255, 256, 257, 258, 259], "summary": {"covered_lines": 5, "num_statements": 5, "percent_covered": 100.0, "percent_covered_display": "100", "missing_lines": 0, "excluded_lines": 0}, "missing_lines": [], "excluded_lines": []}, "BenchmarkSuite.add_benchmark": {"executed_lines": [269], "summary": {"covered_lines": 1, "num_statements": 1, "percent_covered": 100.0, "percent_covered_display": "100", "missing_lines": 0, "excluded_lines": 0}, "missing_lines": [], "excluded_lines": []}, "BenchmarkSuite.run_benchmarks": {"executed_lines": [282, 286, 287, 289, 290, 292], "summary": {"covered_lines": 6, "num_statements": 7, "percent_covered": 85.71428571428571, "percent_covered_display": "86", "missing_lines": 1, "excluded_lines": 0}, "missing_lines": [283], "excluded_lines": []}, "BenchmarkSuite.run_benchmarks.analytical_func": {"executed_lines": [], "summary": {"covered_lines": 0, "num_statements": 1, "percent_covered": 0.0, "percent_covered_display": "0", "missing_lines": 1, "excluded_lines": 0}, "missing_lines": [288], "excluded_lines": []}, "BenchmarkSuite.run_comprehensive_benchmark": {"executed_lines": [315, 323, 324, 328, 329, 330, 331, 334, 335, 337, 340, 343, 344, 345, 354, 356], "summary": {"covered_lines": 16, "num_statements": 16, "percent_covered": 100.0, "percent_covered_display": "100", "missing_lines": 0, "excluded_lines": 0}, "missing_lines": [], "excluded_lines": []}, "BenchmarkSuite._generate_summary": {"executed_lines": [360, 374, 375, 376, 377, 378, 379, 382, 383, 386, 435, 440], "summary": {"covered_lines": 12, "num_statements": 25, "percent_covered": 48.0, "percent_covered_display": "48", "missing_lines": 13, "excluded_lines": 0}, "missing_lines": [388, 390, 394, 395, 396, 397, 398, 400, 401, 403, 406, 407, 409], "excluded_lines": []}, "run_benchmarks": {"executed_lines": [462, 463, 465, 466, 468, 469], "summary": {"covered_lines": 6, "num_statements": 6, "percent_covered": 100.0, "percent_covered_display": "100", "missing_lines": 0, "excluded_lines": 0}, "missing_lines": [], "excluded_lines": []}, "run_benchmarks.analytical_func": {"executed_lines": [], "summary": {"covered_lines": 0, "num_statements": 1, "percent_covered": 0.0, "percent_covered_display": "0", "missing_lines": 1, "excluded_lines": 0}, "missing_lines": [464], "excluded_lines": []}, "compare_methods": {"executed_lines": [488, 491, 492, 495, 497, 501], "summary": {"covered_lines": 6, "num_statements": 6, "percent_covered": 100.0, "percent_covered_display": "100", "missing_lines": 0, "excluded_lines": 0}, "missing_lines": [], "excluded_lines": []}, "generate_benchmark_report": {"executed_lines": [517, 518, 519, 520, 521, 524, 525, 526, 528, 531, 532, 533, 534, 537, 538, 539, 542, 545, 550, 551, 559, 561, 564, 572], "summary": {"covered_lines": 24, "num_statements": 32, "percent_covered": 75.0, "percent_covered_display": "75", "missing_lines": 8, "excluded_lines": 0}, "missing_lines": [552, 555, 565, 566, 567, 568, 569, 570], "excluded_lines": []}, "": {"executed_lines": [1, 8, 9, 10, 11, 12, 13, 14, 17, 18, 20, 21, 22, 23, 26, 27, 28, 30, 31, 32, 33, 34, 35, 36, 37, 40, 41, 43, 52, 65, 120, 142, 143, 145, 154, 169, 220, 244, 245, 247, 261, 271, 296, 358, 443, 474, 504], "summary": {"covered_lines": 41, "num_statements": 41, "percent_covered": 100.0, "percent_covered_display": "100", "missing_lines": 0, "excluded_lines": 0}, "missing_lines": [], "excluded_lines": []}}, "classes": {"BenchmarkType": {"executed_lines": [], "summary": {"covered_lines": 0, "num_statements": 0, "percent_covered": 100.0, "percent_covered_display": "100", "missing_lines": 0, "excluded_lines": 0}, "missing_lines": [], "excluded_lines": []}, "BenchmarkResult": {"executed_lines": [], "summary": {"covered_lines": 0, "num_statements": 0, "percent_covered": 100.0, "percent_covered_display": "100", "missing_lines": 0, "excluded_lines": 0}, "missing_lines": [], "excluded_lines": []}, "PerformanceBenchmark": {"executed_lines": [50, 63, 80, 81, 82, 83, 84, 87, 88, 91, 92, 93, 95, 96, 97, 98, 99, 100, 101, 102, 103, 104, 107, 108, 110, 133, 135, 136, 137, 139], "summary": {"covered_lines": 30, "num_statements": 30, "percent_covered": 100.0, "percent_covered_display": "100", "missing_lines": 0, "excluded_lines": 0}, "missing_lines": [], "excluded_lines": []}, "AccuracyBenchmark": {"executed_lines": [152, 167, 188, 190, 192, 194, 197, 200, 203, 211, 212, 234, 236, 237, 239, 241], "summary": {"covered_lines": 16, "num_statements": 16, "percent_covered": 100.0, "percent_covered_display": "100", "missing_lines": 0, "excluded_lines": 0}, "missing_lines": [], "excluded_lines": []}, "BenchmarkSuite": {"executed_lines": [255, 256, 257, 258, 259, 269, 282, 286, 287, 289, 290, 292, 315, 323, 324, 328, 329, 330, 331, 334, 335, 337, 340, 343, 344, 345, 354, 356, 360, 374, 375, 376, 377, 378, 379, 382, 383, 386, 435, 440], "summary": {"covered_lines": 40, "num_statements": 55, "percent_covered": 72.72727272727273, "percent_covered_display": "73", "missing_lines": 15, "excluded_lines": 0}, "missing_lines": [283, 288, 388, 390, 394, 395, 396, 397, 398, 400, 401, 403, 406, 407, 409], "excluded_lines": []}, "": {"executed_lines": [1, 8, 9, 10, 11, 12, 13, 14, 17, 18, 20, 21, 22, 23, 26, 27, 28, 30, 31, 32, 33, 34, 35, 36, 37, 40, 41, 43, 52, 65, 120, 142, 143, 145, 154, 169, 220, 244, 245, 247, 261, 271, 296, 358, 443, 462, 463, 465, 466, 468, 469, 474, 488, 491, 492, 495, 497, 501, 504, 517, 518, 519, 520, 521, 524, 525, 526, 528, 531, 532, 533, 534, 537, 538, 539, 542, 545, 550, 551, 559, 561, 564, 572], "summary": {"covered_lines": 77, "num_statements": 86, "percent_covered": 89.53488372093024, "percent_covered_display": "90", "missing_lines": 9, "excluded_lines": 0}, "missing_lines": [464, 552, 555, 565, 566, 567, 568, 569, 570], "excluded_lines": []}}}, "hpfracc\\validation\\convergence_tests.py": {"executed_lines": [1, 8, 9, 10, 11, 14, 15, 17, 18, 19, 20, 23, 24, 26, 33, 35, 56, 58, 59, 60, 62, 63, 65, 68, 69, 70, 72, 75, 76, 82, 83, 86, 92, 93, 94, 95, 96, 97, 102, 106, 107, 109, 110, 111, 114, 116, 117, 124, 133, 134, 137, 138, 145, 155, 168, 173, 174, 178, 180, 182, 185, 195, 197, 216, 217, 219, 220, 221, 229, 232, 233, 235, 242, 243, 245, 249, 268, 271, 277, 279, 280, 282, 287, 288, 289, 290, 294, 302, 303, 304, 315, 318, 319, 330, 339, 341, 358, 363, 364, 370, 375, 376, 377, 378, 381, 383, 403, 404, 417, 418, 420, 430, 447, 448, 449, 451, 452, 453, 454, 456, 457, 458, 459, 463, 471, 489, 490, 491, 492, 497, 498, 502, 509, 511, 514, 517, 535, 536, 537, 538, 543, 544, 549, 551, 554, 567, 571, 572, 575, 576, 578], "summary": {"covered_lines": 147, "num_statements": 178, "percent_covered": 82.58426966292134, "percent_covered_display": "83", "missing_lines": 31, "excluded_lines": 0}, "missing_lines": [77, 79, 87, 88, 89, 99, 103, 104, 125, 141, 142, 143, 169, 224, 225, 227, 247, 269, 292, 306, 307, 359, 366, 368, 371, 406, 407, 460, 461, 546, 568], "excluded_lines": [], "functions": {"ConvergenceTester.__init__": {"executed_lines": [33], "summary": {"covered_lines": 1, "num_statements": 1, "percent_covered": 100.0, "percent_covered_display": "100", "missing_lines": 0, "excluded_lines": 0}, "missing_lines": [], "excluded_lines": []}, "ConvergenceTester.test_convergence": {"executed_lines": [56, 58, 59, 60, 62, 63, 65, 68, 69, 70, 72, 75, 76, 82, 83, 86, 92, 93, 94, 95, 96, 97, 102, 106, 107, 109, 110, 111, 114, 116, 117, 124, 133, 134, 137, 138, 145], "summary": {"covered_lines": 37, "num_statements": 49, "percent_covered": 75.51020408163265, "percent_covered_display": "76", "missing_lines": 12, "excluded_lines": 0}, "missing_lines": [77, 79, 87, 88, 89, 99, 103, 104, 125, 141, 142, 143], "excluded_lines": []}, "ConvergenceTester._compute_convergence_rate": {"executed_lines": [168, 173, 174, 178, 180, 182], "summary": {"covered_lines": 6, "num_statements": 7, "percent_covered": 85.71428571428571, "percent_covered_display": "86", "missing_lines": 1, "excluded_lines": 0}, "missing_lines": [169], "excluded_lines": []}, "ConvergenceTester.estimate_convergence_rate": {"executed_lines": [195], "summary": {"covered_lines": 1, "num_statements": 1, "percent_covered": 100.0, "percent_covered_display": "100", "missing_lines": 0, "excluded_lines": 0}, "missing_lines": [], "excluded_lines": []}, "ConvergenceTester.test_multiple_norms": {"executed_lines": [216, 217, 219, 220, 221, 229], "summary": {"covered_lines": 6, "num_statements": 9, "percent_covered": 66.66666666666667, "percent_covered_display": "67", "missing_lines": 3, "excluded_lines": 0}, "missing_lines": [224, 225, 227], "excluded_lines": []}, "ConvergenceAnalyzer.__init__": {"executed_lines": [242, 243], "summary": {"covered_lines": 2, "num_statements": 2, "percent_covered": 100.0, "percent_covered_display": "100", "missing_lines": 0, "excluded_lines": 0}, "missing_lines": [], "excluded_lines": []}, "ConvergenceAnalyzer.analyze": {"executed_lines": [], "summary": {"covered_lines": 0, "num_statements": 1, "percent_covered": 0.0, "percent_covered_display": "0", "missing_lines": 1, "excluded_lines": 0}, "missing_lines": [247], "excluded_lines": []}, "ConvergenceAnalyzer.analyze_method_convergence": {"executed_lines": [268, 271, 277, 279, 280, 282, 287, 288, 289, 290, 294, 302, 303, 304, 315, 318, 319, 330, 339], "summary": {"covered_lines": 19, "num_statements": 23, "percent_covered": 82.6086956521739, "percent_covered_display": "83", "missing_lines": 4, "excluded_lines": 0}, "missing_lines": [269, 292, 306, 307], "excluded_lines": []}, "ConvergenceAnalyzer.estimate_optimal_grid_size": {"executed_lines": [358, 363, 364, 370, 375, 376, 377, 378, 381], "summary": {"covered_lines": 9, "num_statements": 13, "percent_covered": 69.23076923076923, "percent_covered_display": "69", "missing_lines": 4, "excluded_lines": 0}, "missing_lines": [359, 366, 368, 371], "excluded_lines": []}, "ConvergenceAnalyzer.validate_convergence_order": {"executed_lines": [403, 404, 417, 418, 420], "summary": {"covered_lines": 5, "num_statements": 7, "percent_covered": 71.42857142857143, "percent_covered_display": "71", "missing_lines": 2, "excluded_lines": 0}, "missing_lines": [406, 407], "excluded_lines": []}, "ConvergenceAnalyzer.compare_methods_convergence": {"executed_lines": [447, 448, 449, 451, 452, 453, 454, 456, 457, 458, 459, 463], "summary": {"covered_lines": 12, "num_statements": 14, "percent_covered": 85.71428571428571, "percent_covered_display": "86", "missing_lines": 2, "excluded_lines": 0}, "missing_lines": [460, 461], "excluded_lines": []}, "run_convergence_study": {"executed_lines": [489, 490, 491, 492, 497, 498, 502, 509, 511, 514], "summary": {"covered_lines": 10, "num_statements": 10, "percent_covered": 100.0, "percent_covered_display": "100", "missing_lines": 0, "excluded_lines": 0}, "missing_lines": [], "excluded_lines": []}, "run_method_convergence_test": {"executed_lines": [535, 536, 537, 538, 543, 544, 549, 551], "summary": {"covered_lines": 8, "num_statements": 9, "percent_covered": 88.88888888888889, "percent_covered_display": "89", "missing_lines": 1, "excluded_lines": 0}, "missing_lines": [546], "excluded_lines": []}, "estimate_convergence_rate": {"executed_lines": [567, 571, 572, 575, 576, 578], "summary": {"covered_lines": 6, "num_statements": 7, "percent_covered": 85.71428571428571, "percent_covered_display": "86", "missing_lines": 1, "excluded_lines": 0}, "missing_lines": [568], "excluded_lines": []}, "": {"executed_lines": [1, 8, 9, 10, 11, 14, 15, 17, 18, 19, 20, 23, 24, 26, 35, 155, 185, 197, 232, 233, 235, 245, 249, 341, 383, 430, 471, 517, 554], "summary": {"covered_lines": 25, "num_statements": 25, "percent_covered": 100.0, "percent_covered_display": "100", "missing_lines": 0, "excluded_lines": 0}, "missing_lines": [], "excluded_lines": []}}, "classes": {"OrderOfAccuracy": {"executed_lines": [], "summary": {"covered_lines": 0, "num_statements": 0, "percent_covered": 100.0, "percent_covered_display": "100", "missing_lines": 0, "excluded_lines": 0}, "missing_lines": [], "excluded_lines": []}, "ConvergenceTester": {"executed_lines": [33, 56, 58, 59, 60, 62, 63, 65, 68, 69, 70, 72, 75, 76, 82, 83, 86, 92, 93, 94, 95, 96, 97, 102, 106, 107, 109, 110, 111, 114, 116, 117, 124, 133, 134, 137, 138, 145, 168, 173, 174, 178, 180, 182, 195, 216, 217, 219, 220, 221, 229], "summary": {"covered_lines": 51, "num_statements": 67, "percent_covered": 76.11940298507463, "percent_covered_display": "76", "missing_lines": 16, "excluded_lines": 0}, "missing_lines": [77, 79, 87, 88, 89, 99, 103, 104, 125, 141, 142, 143, 169, 224, 225, 227], "excluded_lines": []}, "ConvergenceAnalyzer": {"executed_lines": [242, 243, 268, 271, 277, 279, 280, 282, 287, 288, 289, 290, 294, 302, 303, 304, 315, 318, 319, 330, 339, 358, 363, 364, 370, 375, 376, 377, 378, 381, 403, 404, 417, 418, 420, 447, 448, 449, 451, 452, 453, 454, 456, 457, 458, 459, 463], "summary": {"covered_lines": 47, "num_statements": 60, "percent_covered": 78.33333333333333, "percent_covered_display": "78", "missing_lines": 13, "excluded_lines": 0}, "missing_lines": [247, 269, 292, 306, 307, 359, 366, 368, 371, 406, 407, 460, 461], "excluded_lines": []}, "": {"executed_lines": [1, 8, 9, 10, 11, 14, 15, 17, 18, 19, 20, 23, 24, 26, 35, 155, 185, 197, 232, 233, 235, 245, 249, 341, 383, 430, 471, 489, 490, 491, 492, 497, 498, 502, 509, 511, 514, 517, 535, 536, 537, 538, 543, 544, 549, 551, 554, 567, 571, 572, 575, 576, 578], "summary": {"covered_lines": 49, "num_statements": 51, "percent_covered": 96.07843137254902, "percent_covered_display": "96", "missing_lines": 2, "excluded_lines": 0}, "missing_lines": [546, 568], "excluded_lines": []}}}}, "totals": {"covered_lines": 9194, "num_statements": 15248, "percent_covered": 60.29643231899266, "percent_covered_display": "60", "missing_lines": 6054, "excluded_lines": 289}}