tests/test_special/test_binomial_coeffs.py::TestBinomialCoefficientsErrorHandling::test_extreme_values FAILED [  6%]
tests/test_special/test_binomial_coeffs_expanded.py::TestBinomialCoefficients::test_large_values FAILED [ 19%]
tests/test_special/test_binomial_coeffs_expanded.py::TestBinomialCoefficientsEdgeCases::test_very_large_values FAILED [ 22%]
tests/test_special/test_binomial_coeffs_expanded.py::TestBinomialCoefficientsPerformance::test_memory_usage FAILED [ 24%]
tests/test_special/test_binomial_coeffs_expanded.py::TestBinomialCoefficientsPerformance::test_numerical_stability FAILED [ 25%]
tests/test_special/test_gamma_beta_expanded.py::TestGammaFunction::test_negative_values FAILED [ 45%]
tests/test_special/test_gamma_beta_expanded.py::TestBetaFunction::test_negative_values FAILED [ 47%]
tests/test_special/test_special_functions_comprehensive.py::TestSpecialFunctionIntegration::test_mittag_leffler_gamma_relation FAILED [ 91%]
tests/test_special/test_special_functions_comprehensive.py::TestSpecialFunctionIntegration::test_beta_function_errors FAILED [ 91%]
FAILED tests/test_special/test_binomial_coeffs.py::TestBinomialCoefficientsErrorHandling::test_extreme_values
FAILED tests/test_special/test_binomial_coeffs_expanded.py::TestBinomialCoefficients::test_large_values
FAILED tests/test_special/test_binomial_coeffs_expanded.py::TestBinomialCoefficientsEdgeCases::test_very_large_values
FAILED tests/test_special/test_binomial_coeffs_expanded.py::TestBinomialCoefficientsPerformance::test_memory_usage
FAILED tests/test_special/test_binomial_coeffs_expanded.py::TestBinomialCoefficientsPerformance::test_numerical_stability
FAILED tests/test_special/test_gamma_beta_expanded.py::TestGammaFunction::test_negative_values
FAILED tests/test_special/test_gamma_beta_expanded.py::TestBetaFunction::test_negative_values
FAILED tests/test_special/test_special_functions_comprehensive.py::TestSpecialFunctionIntegration::test_mittag_leffler_gamma_relation
FAILED tests/test_special/test_special_functions_comprehensive.py::TestSpecialFunctionIntegration::test_beta_function_errors
============ 9 failed, 375 passed, 4 skipped, 26 warnings in 6.70s ============
